13:58:07 [0m[34m[INFO] [0m(main) Forced usage of wl_shm format: Xrgb8888
13:58:07 [0m[34m[INFO] [0m(main) Initialization succeeded! Starting main loop...
13:58:07 [0m[34m[INFO] [0m(transition) BumpPool with: 1 buffers. Size: 5120Kb
13:58:07 [0m[34m[INFO] [0m(transition) BumpPool with: 1 buffers. Size: 14400Kb
13:58:07 [0m[33m[WARN] [0m(main) Received transform. We currently ignore those
13:58:07 [0m[33m[WARN] [0m(main) Received transform. We currently ignore those
13:59:21 [0m[34m[INFO] [0m(transition) BumpPool with: 2 buffers. Size: 28800Kb
13:59:21 [0m[34m[INFO] [0m(transition) BumpPool with: 2 buffers. Size: 10240Kb
13:59:21 [0m[33m[WARN] [0m(main) Received transform. We currently ignore those
13:59:21 [0m[33m[WARN] [0m(main) Received transform. We currently ignore those
13:59:21 [0m[33m[WARN] [0m(main) Received transform. We currently ignore those
13:59:21 [0m[33m[WARN] [0m(main) Received transform. We currently ignore those
13:59:21 [0m[33m[WARN] [0m(main) Received transform. We currently ignore those
13:59:21 [0m[33m[WARN] [0m(main) Received transform. We currently ignore those
13:59:21 [0m[33m[WARN] [0m(main) Received transform. We currently ignore those
13:59:21 [0m[33m[WARN] [0m(main) Received transform. We currently ignore those
13:59:21 [0m[33m[WARN] [0m(main) Received transform. We currently ignore those
13:59:21 [0m[33m[WARN] [0m(main) Received transform. We currently ignore those
13:59:21 [0m[33m[WARN] [0m(main) Received transform. We currently ignore those
13:59:21 [0m[33m[WARN] [0m(main) Received transform. We currently ignore those
13:59:21 [0m[33m[WARN] [0m(main) Received transform. We currently ignore those
13:59:21 [0m[33m[WARN] [0m(main) Received transform. We currently ignore those
13:59:21 [0m[33m[WARN] [0m(main) Received transform. We currently ignore those
13:59:21 [0m[33m[WARN] [0m(main) Received transform. We currently ignore those
13:59:21 [0m[33m[WARN] [0m(main) Received transform. We currently ignore those
13:59:21 [0m[33m[WARN] [0m(main) Received transform. We currently ignore those
13:59:21 [0m[33m[WARN] [0m(main) Received transform. We currently ignore those
13:59:21 [0m[33m[WARN] [0m(main) Received transform. We currently ignore those
13:59:21 [0m[33m[WARN] [0m(main) Received transform. We currently ignore those
13:59:21 [0m[33m[WARN] [0m(main) Received transform. We currently ignore those
13:59:21 [0m[33m[WARN] [0m(main) Received transform. We currently ignore those
13:59:21 [0m[33m[WARN] [0m(main) Received transform. We currently ignore those
13:59:21 [0m[33m[WARN] [0m(main) Received transform. We currently ignore those
13:59:21 [0m[33m[WARN] [0m(main) Received transform. We currently ignore those
13:59:21 [0m[33m[WARN] [0m(main) Received transform. We currently ignore those
13:59:21 [0m[33m[WARN] [0m(main) Received transform. We currently ignore those
13:59:21 [0m[33m[WARN] [0m(main) Received transform. We currently ignore those
13:59:21 [0m[33m[WARN] [0m(main) Received transform. We currently ignore those
13:59:21 [0m[33m[WARN] [0m(main) Received transform. We currently ignore those
13:59:21 [0m[33m[WARN] [0m(main) Received transform. We currently ignore those
13:59:21 [0m[33m[WARN] [0m(main) Received transform. We currently ignore those
13:59:21 [0m[33m[WARN] [0m(main) Received transform. We currently ignore those
13:59:22 [0m[33m[WARN] [0m(main) Received transform. We currently ignore those
13:59:22 [0m[33m[WARN] [0m(main) Received transform. We currently ignore those
13:59:22 [0m[33m[WARN] [0m(main) Received transform. We currently ignore those
13:59:22 [0m[33m[WARN] [0m(main) Received transform. We currently ignore those
13:59:22 [0m[33m[WARN] [0m(main) Received transform. We currently ignore those
13:59:22 [0m[33m[WARN] [0m(main) Received transform. We currently ignore those
13:59:22 [0m[33m[WARN] [0m(main) Received transform. We currently ignore those
13:59:22 [0m[33m[WARN] [0m(main) Received transform. We currently ignore those
13:59:22 [0m[33m[WARN] [0m(main) Received transform. We currently ignore those
13:59:22 [0m[33m[WARN] [0m(main) Received transform. We currently ignore those
13:59:22 [0m[33m[WARN] [0m(main) Received transform. We currently ignore those
13:59:22 [0m[33m[WARN] [0m(main) Received transform. We currently ignore those
13:59:22 [0m[33m[WARN] [0m(main) Received transform. We currently ignore those
13:59:22 [0m[33m[WARN] [0m(main) Received transform. We currently ignore those
13:59:22 [0m[33m[WARN] [0m(main) Received transform. We currently ignore those
13:59:22 [0m[33m[WARN] [0m(main) Received transform. We currently ignore those
13:59:22 [0m[33m[WARN] [0m(main) Received transform. We currently ignore those
13:59:22 [0m[33m[WARN] [0m(main) Received transform. We currently ignore those
13:59:22 [0m[33m[WARN] [0m(main) Received transform. We currently ignore those
13:59:22 [0m[33m[WARN] [0m(main) Received transform. We currently ignore those
13:59:22 [0m[33m[WARN] [0m(main) Received transform. We currently ignore those
13:59:22 [0m[33m[WARN] [0m(main) Received transform. We currently ignore those
13:59:22 [0m[33m[WARN] [0m(main) Received transform. We currently ignore those
13:59:22 [0m[33m[WARN] [0m(main) Received transform. We currently ignore those
13:59:22 [0m[33m[WARN] [0m(main) Received transform. We currently ignore those
13:59:22 [0m[33m[WARN] [0m(main) Received transform. We currently ignore those
13:59:22 [0m[33m[WARN] [0m(main) Received transform. We currently ignore those
13:59:22 [0m[33m[WARN] [0m(main) Received transform. We currently ignore those
13:59:22 [0m[33m[WARN] [0m(main) Received transform. We currently ignore those
13:59:22 [0m[33m[WARN] [0m(main) Received transform. We currently ignore those
14:04:08 [0m[33m[WARN] [0m(main) Received transform. We currently ignore those
14:04:08 [0m[33m[WARN] [0m(main) Received transform. We currently ignore those
14:04:08 [0m[33m[WARN] [0m(main) Received transform. We currently ignore those
14:04:08 [0m[33m[WARN] [0m(main) Received transform. We currently ignore those
14:04:08 [0m[33m[WARN] [0m(main) Received transform. We currently ignore those
14:04:08 [0m[33m[WARN] [0m(main) Received transform. We currently ignore those
14:04:08 [0m[33m[WARN] [0m(main) Received transform. We currently ignore those
14:04:08 [0m[33m[WARN] [0m(main) Received transform. We currently ignore those
14:04:08 [0m[33m[WARN] [0m(main) Received transform. We currently ignore those
14:04:08 [0m[33m[WARN] [0m(main) Received transform. We currently ignore those
14:04:08 [0m[33m[WARN] [0m(main) Received transform. We currently ignore those
14:04:08 [0m[33m[WARN] [0m(main) Received transform. We currently ignore those
14:04:09 [0m[33m[WARN] [0m(main) Received transform. We currently ignore those
14:04:09 [0m[33m[WARN] [0m(main) Received transform. We currently ignore those
14:04:09 [0m[33m[WARN] [0m(main) Received transform. We currently ignore those
14:04:09 [0m[33m[WARN] [0m(main) Received transform. We currently ignore those
14:04:09 [0m[33m[WARN] [0m(main) Received transform. We currently ignore those
14:04:09 [0m[33m[WARN] [0m(main) Received transform. We currently ignore those
14:04:09 [0m[33m[WARN] [0m(main) Received transform. We currently ignore those
14:04:09 [0m[33m[WARN] [0m(main) Received transform. We currently ignore those
14:04:09 [0m[33m[WARN] [0m(main) Received transform. We currently ignore those
14:04:09 [0m[33m[WARN] [0m(main) Received transform. We currently ignore those
14:04:09 [0m[33m[WARN] [0m(main) Received transform. We currently ignore those
14:04:09 [0m[33m[WARN] [0m(main) Received transform. We currently ignore those
14:04:09 [0m[33m[WARN] [0m(main) Received transform. We currently ignore those
14:04:09 [0m[33m[WARN] [0m(main) Received transform. We currently ignore those
14:04:09 [0m[33m[WARN] [0m(main) Received transform. We currently ignore those
14:04:09 [0m[33m[WARN] [0m(main) Received transform. We currently ignore those
14:04:09 [0m[33m[WARN] [0m(main) Received transform. We currently ignore those
14:04:09 [0m[33m[WARN] [0m(main) Received transform. We currently ignore those
14:04:09 [0m[33m[WARN] [0m(main) Received transform. We currently ignore those
14:04:09 [0m[33m[WARN] [0m(main) Received transform. We currently ignore those
14:04:09 [0m[33m[WARN] [0m(main) Received transform. We currently ignore those
14:04:09 [0m[33m[WARN] [0m(main) Received transform. We currently ignore those
14:04:09 [0m[33m[WARN] [0m(main) Received transform. We currently ignore those
14:04:09 [0m[33m[WARN] [0m(main) Received transform. We currently ignore those
14:04:09 [0m[33m[WARN] [0m(main) Received transform. We currently ignore those
14:04:09 [0m[33m[WARN] [0m(main) Received transform. We currently ignore those
14:04:09 [0m[33m[WARN] [0m(main) Received transform. We currently ignore those
14:04:09 [0m[33m[WARN] [0m(main) Received transform. We currently ignore those
14:04:09 [0m[33m[WARN] [0m(main) Received transform. We currently ignore those
14:04:09 [0m[33m[WARN] [0m(main) Received transform. We currently ignore those
14:04:09 [0m[33m[WARN] [0m(main) Received transform. We currently ignore those
14:04:09 [0m[33m[WARN] [0m(main) Received transform. We currently ignore those
14:04:09 [0m[33m[WARN] [0m(main) Received transform. We currently ignore those
14:04:09 [0m[33m[WARN] [0m(main) Received transform. We currently ignore those
14:04:09 [0m[33m[WARN] [0m(main) Received transform. We currently ignore those
14:04:09 [0m[33m[WARN] [0m(main) Received transform. We currently ignore those
14:04:09 [0m[33m[WARN] [0m(main) Received transform. We currently ignore those
14:04:09 [0m[33m[WARN] [0m(main) Received transform. We currently ignore those
14:04:09 [0m[33m[WARN] [0m(main) Received transform. We currently ignore those
14:04:09 [0m[33m[WARN] [0m(main) Received transform. We currently ignore those
14:04:09 [0m[33m[WARN] [0m(main) Received transform. We currently ignore those
14:04:09 [0m[33m[WARN] [0m(main) Received transform. We currently ignore those
14:04:09 [0m[33m[WARN] [0m(main) Received transform. We currently ignore those
14:04:09 [0m[33m[WARN] [0m(main) Received transform. We currently ignore those
14:04:09 [0m[33m[WARN] [0m(main) Received transform. We currently ignore those
14:04:09 [0m[33m[WARN] [0m(main) Received transform. We currently ignore those
14:04:09 [0m[33m[WARN] [0m(main) Received transform. We currently ignore those
14:04:09 [0m[33m[WARN] [0m(main) Received transform. We currently ignore those
14:04:09 [0m[33m[WARN] [0m(main) Received transform. We currently ignore those
14:04:09 [0m[33m[WARN] [0m(main) Received transform. We currently ignore those
14:04:09 [0m[33m[WARN] [0m(main) Received transform. We currently ignore those
14:04:09 [0m[33m[WARN] [0m(main) Received transform. We currently ignore those
14:04:09 [0m[33m[WARN] [0m(main) Received transform. We currently ignore those
14:04:09 [0m[33m[WARN] [0m(main) Received transform. We currently ignore those
14:04:09 [0m[33m[WARN] [0m(main) Received transform. We currently ignore those
14:04:10 [0m[33m[WARN] [0m(main) Received transform. We currently ignore those
14:04:10 [0m[33m[WARN] [0m(main) Received transform. We currently ignore those
14:04:10 [0m[33m[WARN] [0m(main) Received transform. We currently ignore those
14:04:23 [0m[33m[WARN] [0m(main) Received transform. We currently ignore those
14:04:23 [0m[33m[WARN] [0m(main) Received transform. We currently ignore those
14:04:23 [0m[33m[WARN] [0m(main) Received transform. We currently ignore those
14:04:23 [0m[33m[WARN] [0m(main) Received transform. We currently ignore those
14:04:23 [0m[33m[WARN] [0m(main) Received transform. We currently ignore those
14:04:23 [0m[33m[WARN] [0m(main) Received transform. We currently ignore those
14:04:23 [0m[33m[WARN] [0m(main) Received transform. We currently ignore those
14:04:23 [0m[33m[WARN] [0m(main) Received transform. We currently ignore those
14:04:23 [0m[33m[WARN] [0m(main) Received transform. We currently ignore those
14:04:23 [0m[33m[WARN] [0m(main) Received transform. We currently ignore those
14:04:23 [0m[33m[WARN] [0m(main) Received transform. We currently ignore those
14:04:23 [0m[33m[WARN] [0m(main) Received transform. We currently ignore those
14:04:23 [0m[33m[WARN] [0m(main) Received transform. We currently ignore those
14:04:23 [0m[33m[WARN] [0m(main) Received transform. We currently ignore those
14:04:23 [0m[33m[WARN] [0m(main) Received transform. We currently ignore those
14:04:23 [0m[33m[WARN] [0m(main) Received transform. We currently ignore those
14:04:23 [0m[33m[WARN] [0m(main) Received transform. We currently ignore those
14:04:23 [0m[33m[WARN] [0m(main) Received transform. We currently ignore those
14:04:23 [0m[33m[WARN] [0m(main) Received transform. We currently ignore those
14:04:23 [0m[33m[WARN] [0m(main) Received transform. We currently ignore those
14:04:23 [0m[33m[WARN] [0m(main) Received transform. We currently ignore those
14:04:23 [0m[33m[WARN] [0m(main) Received transform. We currently ignore those
14:04:23 [0m[33m[WARN] [0m(main) Received transform. We currently ignore those
14:04:23 [0m[33m[WARN] [0m(main) Received transform. We currently ignore those
14:04:23 [0m[33m[WARN] [0m(main) Received transform. We currently ignore those
14:04:23 [0m[33m[WARN] [0m(main) Received transform. We currently ignore those
14:04:23 [0m[33m[WARN] [0m(main) Received transform. We currently ignore those
14:04:23 [0m[33m[WARN] [0m(main) Received transform. We currently ignore those
14:04:24 [0m[33m[WARN] [0m(main) Received transform. We currently ignore those
14:04:24 [0m[33m[WARN] [0m(main) Received transform. We currently ignore those
14:04:24 [0m[33m[WARN] [0m(main) Received transform. We currently ignore those
14:04:24 [0m[33m[WARN] [0m(main) Received transform. We currently ignore those
14:04:24 [0m[33m[WARN] [0m(main) Received transform. We currently ignore those
14:04:24 [0m[33m[WARN] [0m(main) Received transform. We currently ignore those
14:04:24 [0m[33m[WARN] [0m(main) Received transform. We currently ignore those
14:04:24 [0m[33m[WARN] [0m(main) Received transform. We currently ignore those
14:04:24 [0m[33m[WARN] [0m(main) Received transform. We currently ignore those
14:04:24 [0m[33m[WARN] [0m(main) Received transform. We currently ignore those
14:04:24 [0m[33m[WARN] [0m(main) Received transform. We currently ignore those
14:04:24 [0m[33m[WARN] [0m(main) Received transform. We currently ignore those
14:04:24 [0m[33m[WARN] [0m(main) Received transform. We currently ignore those
14:04:24 [0m[33m[WARN] [0m(main) Received transform. We currently ignore those
14:04:24 [0m[33m[WARN] [0m(main) Received transform. We currently ignore those
14:04:24 [0m[33m[WARN] [0m(main) Received transform. We currently ignore those
14:04:24 [0m[33m[WARN] [0m(main) Received transform. We currently ignore those
14:04:24 [0m[33m[WARN] [0m(main) Received transform. We currently ignore those
14:04:24 [0m[33m[WARN] [0m(main) Received transform. We currently ignore those
14:04:24 [0m[33m[WARN] [0m(main) Received transform. We currently ignore those
14:04:24 [0m[33m[WARN] [0m(main) Received transform. We currently ignore those
14:04:24 [0m[33m[WARN] [0m(main) Received transform. We currently ignore those
14:04:24 [0m[33m[WARN] [0m(main) Received transform. We currently ignore those
14:04:24 [0m[33m[WARN] [0m(main) Received transform. We currently ignore those
14:04:24 [0m[33m[WARN] [0m(main) Received transform. We currently ignore those
14:04:24 [0m[33m[WARN] [0m(main) Received transform. We currently ignore those
14:04:24 [0m[33m[WARN] [0m(main) Received transform. We currently ignore those
14:04:24 [0m[33m[WARN] [0m(main) Received transform. We currently ignore those
14:04:24 [0m[33m[WARN] [0m(main) Received transform. We currently ignore those
14:04:24 [0m[33m[WARN] [0m(main) Received transform. We currently ignore those
14:04:24 [0m[33m[WARN] [0m(main) Received transform. We currently ignore those
14:04:24 [0m[33m[WARN] [0m(main) Received transform. We currently ignore those
14:04:24 [0m[33m[WARN] [0m(main) Received transform. We currently ignore those
14:04:24 [0m[33m[WARN] [0m(main) Received transform. We currently ignore those
14:04:24 [0m[33m[WARN] [0m(main) Received transform. We currently ignore those
14:04:33 [0m[33m[WARN] [0m(main) Received transform. We currently ignore those
14:04:33 [0m[33m[WARN] [0m(main) Received transform. We currently ignore those
14:04:33 [0m[33m[WARN] [0m(main) Received transform. We currently ignore those
14:04:33 [0m[33m[WARN] [0m(main) Received transform. We currently ignore those
14:04:33 [0m[33m[WARN] [0m(main) Received transform. We currently ignore those
14:04:33 [0m[33m[WARN] [0m(main) Received transform. We currently ignore those
14:07:07 [0m[33m[WARN] [0m(main) Received transform. We currently ignore those
14:07:07 [0m[33m[WARN] [0m(main) Received transform. We currently ignore those
14:07:07 [0m[33m[WARN] [0m(main) Received transform. We currently ignore those
14:07:07 [0m[33m[WARN] [0m(main) Received transform. We currently ignore those
14:07:07 [0m[33m[WARN] [0m(main) Received transform. We currently ignore those
14:07:07 [0m[33m[WARN] [0m(main) Received transform. We currently ignore those
14:07:07 [0m[33m[WARN] [0m(main) Received transform. We currently ignore those
14:07:07 [0m[33m[WARN] [0m(main) Received transform. We currently ignore those
14:07:07 [0m[33m[WARN] [0m(main) Received transform. We currently ignore those
14:07:07 [0m[33m[WARN] [0m(main) Received transform. We currently ignore those
14:07:07 [0m[33m[WARN] [0m(main) Received transform. We currently ignore those
14:07:07 [0m[33m[WARN] [0m(main) Received transform. We currently ignore those
14:07:07 [0m[33m[WARN] [0m(main) Received transform. We currently ignore those
14:07:07 [0m[33m[WARN] [0m(main) Received transform. We currently ignore those
14:07:07 [0m[33m[WARN] [0m(main) Received transform. We currently ignore those
14:07:07 [0m[33m[WARN] [0m(main) Received transform. We currently ignore those
14:07:07 [0m[33m[WARN] [0m(main) Received transform. We currently ignore those
14:07:07 [0m[33m[WARN] [0m(main) Received transform. We currently ignore those
14:07:08 [0m[33m[WARN] [0m(main) Received transform. We currently ignore those
14:07:08 [0m[33m[WARN] [0m(main) Received transform. We currently ignore those
14:07:08 [0m[33m[WARN] [0m(main) Received transform. We currently ignore those
14:07:08 [0m[33m[WARN] [0m(main) Received transform. We currently ignore those
14:07:08 [0m[33m[WARN] [0m(main) Received transform. We currently ignore those
14:07:08 [0m[33m[WARN] [0m(main) Received transform. We currently ignore those
14:07:08 [0m[33m[WARN] [0m(main) Received transform. We currently ignore those
14:07:08 [0m[33m[WARN] [0m(main) Received transform. We currently ignore those
14:07:08 [0m[33m[WARN] [0m(main) Received transform. We currently ignore those
14:07:08 [0m[33m[WARN] [0m(main) Received transform. We currently ignore those
14:07:08 [0m[33m[WARN] [0m(main) Received transform. We currently ignore those
14:07:08 [0m[33m[WARN] [0m(main) Received transform. We currently ignore those
14:07:08 [0m[33m[WARN] [0m(main) Received transform. We currently ignore those
14:07:08 [0m[33m[WARN] [0m(main) Received transform. We currently ignore those
14:07:08 [0m[33m[WARN] [0m(main) Received transform. We currently ignore those
14:07:08 [0m[33m[WARN] [0m(main) Received transform. We currently ignore those
14:07:08 [0m[33m[WARN] [0m(main) Received transform. We currently ignore those
14:07:08 [0m[33m[WARN] [0m(main) Received transform. We currently ignore those
14:07:08 [0m[33m[WARN] [0m(main) Received transform. We currently ignore those
14:07:08 [0m[33m[WARN] [0m(main) Received transform. We currently ignore those
14:07:08 [0m[33m[WARN] [0m(main) Received transform. We currently ignore those
14:07:08 [0m[33m[WARN] [0m(main) Received transform. We currently ignore those
14:07:08 [0m[33m[WARN] [0m(main) Received transform. We currently ignore those
14:07:08 [0m[33m[WARN] [0m(main) Received transform. We currently ignore those
14:07:08 [0m[33m[WARN] [0m(main) Received transform. We currently ignore those
14:07:08 [0m[33m[WARN] [0m(main) Received transform. We currently ignore those
14:07:08 [0m[33m[WARN] [0m(main) Received transform. We currently ignore those
14:07:08 [0m[33m[WARN] [0m(main) Received transform. We currently ignore those
14:07:08 [0m[33m[WARN] [0m(main) Received transform. We currently ignore those
14:07:08 [0m[33m[WARN] [0m(main) Received transform. We currently ignore those
14:07:08 [0m[33m[WARN] [0m(main) Received transform. We currently ignore those
14:07:08 [0m[33m[WARN] [0m(main) Received transform. We currently ignore those
14:07:08 [0m[33m[WARN] [0m(main) Received transform. We currently ignore those
14:07:08 [0m[33m[WARN] [0m(main) Received transform. We currently ignore those
14:07:08 [0m[33m[WARN] [0m(main) Received transform. We currently ignore those
14:07:08 [0m[33m[WARN] [0m(main) Received transform. We currently ignore those
14:07:08 [0m[33m[WARN] [0m(main) Received transform. We currently ignore those
14:07:08 [0m[33m[WARN] [0m(main) Received transform. We currently ignore those
14:07:08 [0m[33m[WARN] [0m(main) Received transform. We currently ignore those
14:07:08 [0m[33m[WARN] [0m(main) Received transform. We currently ignore those
14:07:08 [0m[33m[WARN] [0m(main) Received transform. We currently ignore those
14:07:08 [0m[33m[WARN] [0m(main) Received transform. We currently ignore those
14:07:08 [0m[33m[WARN] [0m(main) Received transform. We currently ignore those
14:07:08 [0m[33m[WARN] [0m(main) Received transform. We currently ignore those
14:07:08 [0m[33m[WARN] [0m(main) Received transform. We currently ignore those
14:07:08 [0m[33m[WARN] [0m(main) Received transform. We currently ignore those
14:07:08 [0m[33m[WARN] [0m(main) Received transform. We currently ignore those
14:07:08 [0m[33m[WARN] [0m(main) Received transform. We currently ignore those
14:07:08 [0m[33m[WARN] [0m(main) Received transform. We currently ignore those
14:07:08 [0m[33m[WARN] [0m(main) Received transform. We currently ignore those
14:07:08 [0m[33m[WARN] [0m(main) Received transform. We currently ignore those
14:07:08 [0m[33m[WARN] [0m(main) Received transform. We currently ignore those
14:07:08 [0m[33m[WARN] [0m(main) Received transform. We currently ignore those
14:12:13 [0m[33m[WARN] [0m(main) Received transform. We currently ignore those
14:12:13 [0m[33m[WARN] [0m(main) Received transform. We currently ignore those
14:12:13 [0m[33m[WARN] [0m(main) Received transform. We currently ignore those
14:12:13 [0m[33m[WARN] [0m(main) Received transform. We currently ignore those
14:12:13 [0m[33m[WARN] [0m(main) Received transform. We currently ignore those
14:12:13 [0m[33m[WARN] [0m(main) Received transform. We currently ignore those
14:12:13 [0m[33m[WARN] [0m(main) Received transform. We currently ignore those
14:12:13 [0m[33m[WARN] [0m(main) Received transform. We currently ignore those
14:12:13 [0m[33m[WARN] [0m(main) Received transform. We currently ignore those
14:12:13 [0m[33m[WARN] [0m(main) Received transform. We currently ignore those
14:12:13 [0m[33m[WARN] [0m(main) Received transform. We currently ignore those
14:12:13 [0m[33m[WARN] [0m(main) Received transform. We currently ignore those
14:12:13 [0m[33m[WARN] [0m(main) Received transform. We currently ignore those
14:12:13 [0m[33m[WARN] [0m(main) Received transform. We currently ignore those
14:12:13 [0m[33m[WARN] [0m(main) Received transform. We currently ignore those
14:12:13 [0m[33m[WARN] [0m(main) Received transform. We currently ignore those
14:12:13 [0m[33m[WARN] [0m(main) Received transform. We currently ignore those
14:12:13 [0m[33m[WARN] [0m(main) Received transform. We currently ignore those
14:12:13 [0m[33m[WARN] [0m(main) Received transform. We currently ignore those
14:12:13 [0m[33m[WARN] [0m(main) Received transform. We currently ignore those
14:12:13 [0m[33m[WARN] [0m(main) Received transform. We currently ignore those
14:12:13 [0m[33m[WARN] [0m(main) Received transform. We currently ignore those
14:12:13 [0m[33m[WARN] [0m(main) Received transform. We currently ignore those
14:12:13 [0m[33m[WARN] [0m(main) Received transform. We currently ignore those
14:12:13 [0m[33m[WARN] [0m(main) Received transform. We currently ignore those
14:12:13 [0m[33m[WARN] [0m(main) Received transform. We currently ignore those
14:12:13 [0m[33m[WARN] [0m(main) Received transform. We currently ignore those
14:12:13 [0m[33m[WARN] [0m(main) Received transform. We currently ignore those
14:12:13 [0m[33m[WARN] [0m(main) Received transform. We currently ignore those
14:12:13 [0m[33m[WARN] [0m(main) Received transform. We currently ignore those
14:12:13 [0m[33m[WARN] [0m(main) Received transform. We currently ignore those
14:12:13 [0m[33m[WARN] [0m(main) Received transform. We currently ignore those
14:12:13 [0m[33m[WARN] [0m(main) Received transform. We currently ignore those
14:12:13 [0m[33m[WARN] [0m(main) Received transform. We currently ignore those
14:12:13 [0m[33m[WARN] [0m(main) Received transform. We currently ignore those
14:12:13 [0m[33m[WARN] [0m(main) Received transform. We currently ignore those
14:12:13 [0m[33m[WARN] [0m(main) Received transform. We currently ignore those
14:12:13 [0m[33m[WARN] [0m(main) Received transform. We currently ignore those
14:12:13 [0m[33m[WARN] [0m(main) Received transform. We currently ignore those
14:12:13 [0m[33m[WARN] [0m(main) Received transform. We currently ignore those
14:12:13 [0m[33m[WARN] [0m(main) Received transform. We currently ignore those
14:12:13 [0m[33m[WARN] [0m(main) Received transform. We currently ignore those
14:12:13 [0m[33m[WARN] [0m(main) Received transform. We currently ignore those
14:12:13 [0m[33m[WARN] [0m(main) Received transform. We currently ignore those
14:12:13 [0m[33m[WARN] [0m(main) Received transform. We currently ignore those
14:12:13 [0m[33m[WARN] [0m(main) Received transform. We currently ignore those
14:12:13 [0m[33m[WARN] [0m(main) Received transform. We currently ignore those
14:12:13 [0m[33m[WARN] [0m(main) Received transform. We currently ignore those
14:12:14 [0m[33m[WARN] [0m(main) Received transform. We currently ignore those
14:12:14 [0m[33m[WARN] [0m(main) Received transform. We currently ignore those
14:12:14 [0m[33m[WARN] [0m(main) Received transform. We currently ignore those
14:12:14 [0m[33m[WARN] [0m(main) Received transform. We currently ignore those
14:12:14 [0m[33m[WARN] [0m(main) Received transform. We currently ignore those
14:12:14 [0m[33m[WARN] [0m(main) Received transform. We currently ignore those
14:12:14 [0m[33m[WARN] [0m(main) Received transform. We currently ignore those
14:12:14 [0m[33m[WARN] [0m(main) Received transform. We currently ignore those
14:12:14 [0m[33m[WARN] [0m(main) Received transform. We currently ignore those
14:12:14 [0m[33m[WARN] [0m(main) Received transform. We currently ignore those
14:12:14 [0m[33m[WARN] [0m(main) Received transform. We currently ignore those
14:12:14 [0m[33m[WARN] [0m(main) Received transform. We currently ignore those
14:12:14 [0m[33m[WARN] [0m(main) Received transform. We currently ignore those
14:12:14 [0m[33m[WARN] [0m(main) Received transform. We currently ignore those
14:12:14 [0m[33m[WARN] [0m(main) Received transform. We currently ignore those
14:12:14 [0m[33m[WARN] [0m(main) Received transform. We currently ignore those
14:12:14 [0m[33m[WARN] [0m(main) Received transform. We currently ignore those
14:12:14 [0m[33m[WARN] [0m(main) Received transform. We currently ignore those
14:12:14 [0m[33m[WARN] [0m(main) Received transform. We currently ignore those
14:12:14 [0m[33m[WARN] [0m(main) Received transform. We currently ignore those
14:12:14 [0m[33m[WARN] [0m(main) Received transform. We currently ignore those
14:12:14 [0m[33m[WARN] [0m(main) Received transform. We currently ignore those
14:12:14 [0m[33m[WARN] [0m(main) Received transform. We currently ignore those
14:12:14 [0m[33m[WARN] [0m(main) Received transform. We currently ignore those
14:12:14 [0m[33m[WARN] [0m(main) Received transform. We currently ignore those
14:12:14 [0m[33m[WARN] [0m(main) Received transform. We currently ignore those
14:12:14 [0m[33m[WARN] [0m(main) Received transform. We currently ignore those
14:12:14 [0m[33m[WARN] [0m(main) Received transform. We currently ignore those
14:12:14 [0m[33m[WARN] [0m(main) Received transform. We currently ignore those
14:12:14 [0m[33m[WARN] [0m(main) Received transform. We currently ignore those
14:12:14 [0m[33m[WARN] [0m(main) Received transform. We currently ignore those
14:12:49 [0m[33m[WARN] [0m(main) Received transform. We currently ignore those
14:12:49 [0m[33m[WARN] [0m(main) Received transform. We currently ignore those
14:12:49 [0m[33m[WARN] [0m(main) Received transform. We currently ignore those
14:12:49 [0m[33m[WARN] [0m(main) Received transform. We currently ignore those
14:12:49 [0m[33m[WARN] [0m(main) Received transform. We currently ignore those
14:12:49 [0m[33m[WARN] [0m(main) Received transform. We currently ignore those
14:12:49 [0m[33m[WARN] [0m(main) Received transform. We currently ignore those
14:12:49 [0m[33m[WARN] [0m(main) Received transform. We currently ignore those
14:12:49 [0m[33m[WARN] [0m(main) Received transform. We currently ignore those
14:12:49 [0m[33m[WARN] [0m(main) Received transform. We currently ignore those
14:12:49 [0m[33m[WARN] [0m(main) Received transform. We currently ignore those
14:12:49 [0m[33m[WARN] [0m(main) Received transform. We currently ignore those
14:12:49 [0m[33m[WARN] [0m(main) Received transform. We currently ignore those
14:12:49 [0m[33m[WARN] [0m(main) Received transform. We currently ignore those
14:12:49 [0m[33m[WARN] [0m(main) Received transform. We currently ignore those
14:12:49 [0m[33m[WARN] [0m(main) Received transform. We currently ignore those
14:12:49 [0m[33m[WARN] [0m(main) Received transform. We currently ignore those
14:12:49 [0m[33m[WARN] [0m(main) Received transform. We currently ignore those
14:12:49 [0m[33m[WARN] [0m(main) Received transform. We currently ignore those
14:12:49 [0m[33m[WARN] [0m(main) Received transform. We currently ignore those
14:12:49 [0m[33m[WARN] [0m(main) Received transform. We currently ignore those
14:12:49 [0m[33m[WARN] [0m(main) Received transform. We currently ignore those
14:12:49 [0m[33m[WARN] [0m(main) Received transform. We currently ignore those
14:12:49 [0m[33m[WARN] [0m(main) Received transform. We currently ignore those
14:12:49 [0m[33m[WARN] [0m(main) Received transform. We currently ignore those
14:12:49 [0m[33m[WARN] [0m(main) Received transform. We currently ignore those
14:12:49 [0m[33m[WARN] [0m(main) Received transform. We currently ignore those
14:12:49 [0m[33m[WARN] [0m(main) Received transform. We currently ignore those
14:12:49 [0m[33m[WARN] [0m(main) Received transform. We currently ignore those
14:12:49 [0m[33m[WARN] [0m(main) Received transform. We currently ignore those
14:12:49 [0m[33m[WARN] [0m(main) Received transform. We currently ignore those
14:12:49 [0m[33m[WARN] [0m(main) Received transform. We currently ignore those
14:12:49 [0m[33m[WARN] [0m(main) Received transform. We currently ignore those
14:12:49 [0m[33m[WARN] [0m(main) Received transform. We currently ignore those
14:12:49 [0m[33m[WARN] [0m(main) Received transform. We currently ignore those
14:12:49 [0m[33m[WARN] [0m(main) Received transform. We currently ignore those
14:12:49 [0m[33m[WARN] [0m(main) Received transform. We currently ignore those
14:12:49 [0m[33m[WARN] [0m(main) Received transform. We currently ignore those
14:12:49 [0m[33m[WARN] [0m(main) Received transform. We currently ignore those
14:12:49 [0m[33m[WARN] [0m(main) Received transform. We currently ignore those
14:12:49 [0m[33m[WARN] [0m(main) Received transform. We currently ignore those
14:12:49 [0m[33m[WARN] [0m(main) Received transform. We currently ignore those
14:12:50 [0m[33m[WARN] [0m(main) Received transform. We currently ignore those
14:12:50 [0m[33m[WARN] [0m(main) Received transform. We currently ignore those
14:12:50 [0m[33m[WARN] [0m(main) Received transform. We currently ignore those
14:12:50 [0m[33m[WARN] [0m(main) Received transform. We currently ignore those
14:12:50 [0m[33m[WARN] [0m(main) Received transform. We currently ignore those
14:12:50 [0m[33m[WARN] [0m(main) Received transform. We currently ignore those
14:12:50 [0m[33m[WARN] [0m(main) Received transform. We currently ignore those
14:12:50 [0m[33m[WARN] [0m(main) Received transform. We currently ignore those
14:12:50 [0m[33m[WARN] [0m(main) Received transform. We currently ignore those
14:12:50 [0m[33m[WARN] [0m(main) Received transform. We currently ignore those
14:12:50 [0m[33m[WARN] [0m(main) Received transform. We currently ignore those
14:12:50 [0m[33m[WARN] [0m(main) Received transform. We currently ignore those
14:12:50 [0m[33m[WARN] [0m(main) Received transform. We currently ignore those
14:12:50 [0m[33m[WARN] [0m(main) Received transform. We currently ignore those
14:12:50 [0m[33m[WARN] [0m(main) Received transform. We currently ignore those
14:12:50 [0m[33m[WARN] [0m(main) Received transform. We currently ignore those
14:12:50 [0m[33m[WARN] [0m(main) Received transform. We currently ignore those
14:12:50 [0m[33m[WARN] [0m(main) Received transform. We currently ignore those
14:12:50 [0m[33m[WARN] [0m(main) Received transform. We currently ignore those
14:12:50 [0m[33m[WARN] [0m(main) Received transform. We currently ignore those
Io error: Broken pipe (os error 32)
thread 'main' panicked at daemon/src/main.rs:191:30:
Io error when reading wayland events: Broken pipe (os error 32)
note: run with `RUST_BACKTRACE=1` environment variable to display a backtrace
14:24:58 [0m[34m[INFO] [0m(main) Removed socket at "/run/user/1001/swww-wayland-1.socket"
