12:14:58 [0m[34m[INFO] [0m(main) Forced usage of wl_shm format: Xrgb8888
12:14:58 [0m[34m[INFO] [0m(main) Initialization succeeded! Starting main loop...
12:14:58 [0m[34m[INFO] [0m(transition) BumpPool with: 1 buffers. Size: 5120Kb
12:14:58 [0m[34m[INFO] [0m(transition) BumpPool with: 1 buffers. Size: 14400Kb
12:14:58 [0m[33m[WARN] [0m(main) Received transform. We currently ignore those
12:14:58 [0m[33m[WARN] [0m(main) Received transform. We currently ignore those
12:18:29 [0m[34m[INFO] [0m(transition) BumpPool with: 2 buffers. Size: 28800Kb
12:18:29 [0m[34m[INFO] [0m(transition) BumpPool with: 2 buffers. Size: 10240Kb
12:18:29 [0m[33m[WARN] [0m(main) Received transform. We currently ignore those
12:18:29 [0m[33m[WARN] [0m(main) Received transform. We currently ignore those
12:18:29 [0m[33m[WARN] [0m(main) Received transform. We currently ignore those
12:18:29 [0m[33m[WARN] [0m(main) Received transform. We currently ignore those
12:18:29 [0m[33m[WARN] [0m(main) Received transform. We currently ignore those
12:18:29 [0m[33m[WARN] [0m(main) Received transform. We currently ignore those
12:18:29 [0m[33m[WARN] [0m(main) Received transform. We currently ignore those
12:18:29 [0m[33m[WARN] [0m(main) Received transform. We currently ignore those
12:18:29 [0m[33m[WARN] [0m(main) Received transform. We currently ignore those
12:18:29 [0m[33m[WARN] [0m(main) Received transform. We currently ignore those
12:18:29 [0m[33m[WARN] [0m(main) Received transform. We currently ignore those
12:18:29 [0m[33m[WARN] [0m(main) Received transform. We currently ignore those
12:18:29 [0m[33m[WARN] [0m(main) Received transform. We currently ignore those
12:18:29 [0m[33m[WARN] [0m(main) Received transform. We currently ignore those
12:18:29 [0m[33m[WARN] [0m(main) Received transform. We currently ignore those
12:18:29 [0m[33m[WARN] [0m(main) Received transform. We currently ignore those
12:18:29 [0m[33m[WARN] [0m(main) Received transform. We currently ignore those
12:18:29 [0m[33m[WARN] [0m(main) Received transform. We currently ignore those
12:18:29 [0m[33m[WARN] [0m(main) Received transform. We currently ignore those
12:18:29 [0m[33m[WARN] [0m(main) Received transform. We currently ignore those
12:18:29 [0m[33m[WARN] [0m(main) Received transform. We currently ignore those
12:18:29 [0m[33m[WARN] [0m(main) Received transform. We currently ignore those
12:18:29 [0m[33m[WARN] [0m(main) Received transform. We currently ignore those
12:18:29 [0m[33m[WARN] [0m(main) Received transform. We currently ignore those
12:18:29 [0m[33m[WARN] [0m(main) Received transform. We currently ignore those
12:18:29 [0m[33m[WARN] [0m(main) Received transform. We currently ignore those
12:18:29 [0m[33m[WARN] [0m(main) Received transform. We currently ignore those
12:18:29 [0m[33m[WARN] [0m(main) Received transform. We currently ignore those
12:18:29 [0m[33m[WARN] [0m(main) Received transform. We currently ignore those
12:18:29 [0m[33m[WARN] [0m(main) Received transform. We currently ignore those
12:18:29 [0m[33m[WARN] [0m(main) Received transform. We currently ignore those
12:18:29 [0m[33m[WARN] [0m(main) Received transform. We currently ignore those
12:18:29 [0m[33m[WARN] [0m(main) Received transform. We currently ignore those
12:18:29 [0m[33m[WARN] [0m(main) Received transform. We currently ignore those
12:18:29 [0m[33m[WARN] [0m(main) Received transform. We currently ignore those
12:18:29 [0m[33m[WARN] [0m(main) Received transform. We currently ignore those
12:18:29 [0m[33m[WARN] [0m(main) Received transform. We currently ignore those
12:18:29 [0m[33m[WARN] [0m(main) Received transform. We currently ignore those
12:18:29 [0m[33m[WARN] [0m(main) Received transform. We currently ignore those
12:18:29 [0m[33m[WARN] [0m(main) Received transform. We currently ignore those
12:18:29 [0m[33m[WARN] [0m(main) Received transform. We currently ignore those
12:18:29 [0m[33m[WARN] [0m(main) Received transform. We currently ignore those
12:18:29 [0m[33m[WARN] [0m(main) Received transform. We currently ignore those
12:18:29 [0m[33m[WARN] [0m(main) Received transform. We currently ignore those
12:18:29 [0m[33m[WARN] [0m(main) Received transform. We currently ignore those
12:18:29 [0m[33m[WARN] [0m(main) Received transform. We currently ignore those
12:18:29 [0m[33m[WARN] [0m(main) Received transform. We currently ignore those
12:18:29 [0m[33m[WARN] [0m(main) Received transform. We currently ignore those
12:18:29 [0m[33m[WARN] [0m(main) Received transform. We currently ignore those
12:18:29 [0m[33m[WARN] [0m(main) Received transform. We currently ignore those
12:18:29 [0m[33m[WARN] [0m(main) Received transform. We currently ignore those
12:18:29 [0m[33m[WARN] [0m(main) Received transform. We currently ignore those
12:18:29 [0m[33m[WARN] [0m(main) Received transform. We currently ignore those
12:18:29 [0m[33m[WARN] [0m(main) Received transform. We currently ignore those
12:18:29 [0m[33m[WARN] [0m(main) Received transform. We currently ignore those
12:18:29 [0m[33m[WARN] [0m(main) Received transform. We currently ignore those
12:18:29 [0m[33m[WARN] [0m(main) Received transform. We currently ignore those
12:18:29 [0m[33m[WARN] [0m(main) Received transform. We currently ignore those
12:18:29 [0m[33m[WARN] [0m(main) Received transform. We currently ignore those
12:18:29 [0m[33m[WARN] [0m(main) Received transform. We currently ignore those
12:18:30 [0m[33m[WARN] [0m(main) Received transform. We currently ignore those
12:18:30 [0m[33m[WARN] [0m(main) Received transform. We currently ignore those
12:19:25 [0m[33m[WARN] [0m(main) Received transform. We currently ignore those
12:19:25 [0m[33m[WARN] [0m(main) Received transform. We currently ignore those
12:19:25 [0m[33m[WARN] [0m(main) Received transform. We currently ignore those
12:19:25 [0m[33m[WARN] [0m(main) Received transform. We currently ignore those
12:19:25 [0m[33m[WARN] [0m(main) Received transform. We currently ignore those
12:19:25 [0m[33m[WARN] [0m(main) Received transform. We currently ignore those
12:19:25 [0m[33m[WARN] [0m(main) Received transform. We currently ignore those
12:19:25 [0m[33m[WARN] [0m(main) Received transform. We currently ignore those
12:19:25 [0m[33m[WARN] [0m(main) Received transform. We currently ignore those
12:19:25 [0m[33m[WARN] [0m(main) Received transform. We currently ignore those
12:19:25 [0m[33m[WARN] [0m(main) Received transform. We currently ignore those
12:19:25 [0m[33m[WARN] [0m(main) Received transform. We currently ignore those
12:19:25 [0m[33m[WARN] [0m(main) Received transform. We currently ignore those
12:19:25 [0m[33m[WARN] [0m(main) Received transform. We currently ignore those
12:19:25 [0m[33m[WARN] [0m(main) Received transform. We currently ignore those
12:19:25 [0m[33m[WARN] [0m(main) Received transform. We currently ignore those
12:19:25 [0m[33m[WARN] [0m(main) Received transform. We currently ignore those
12:19:25 [0m[33m[WARN] [0m(main) Received transform. We currently ignore those
12:19:25 [0m[33m[WARN] [0m(main) Received transform. We currently ignore those
12:19:25 [0m[33m[WARN] [0m(main) Received transform. We currently ignore those
12:19:25 [0m[33m[WARN] [0m(main) Received transform. We currently ignore those
12:19:25 [0m[33m[WARN] [0m(main) Received transform. We currently ignore those
12:19:25 [0m[33m[WARN] [0m(main) Received transform. We currently ignore those
12:19:25 [0m[33m[WARN] [0m(main) Received transform. We currently ignore those
12:19:25 [0m[33m[WARN] [0m(main) Received transform. We currently ignore those
12:19:25 [0m[33m[WARN] [0m(main) Received transform. We currently ignore those
12:19:25 [0m[33m[WARN] [0m(main) Received transform. We currently ignore those
12:19:25 [0m[33m[WARN] [0m(main) Received transform. We currently ignore those
12:19:25 [0m[33m[WARN] [0m(main) Received transform. We currently ignore those
12:19:25 [0m[33m[WARN] [0m(main) Received transform. We currently ignore those
12:19:25 [0m[33m[WARN] [0m(main) Received transform. We currently ignore those
12:19:25 [0m[33m[WARN] [0m(main) Received transform. We currently ignore those
12:19:25 [0m[33m[WARN] [0m(main) Received transform. We currently ignore those
12:19:25 [0m[33m[WARN] [0m(main) Received transform. We currently ignore those
12:19:25 [0m[33m[WARN] [0m(main) Received transform. We currently ignore those
12:19:25 [0m[33m[WARN] [0m(main) Received transform. We currently ignore those
12:19:25 [0m[33m[WARN] [0m(main) Received transform. We currently ignore those
12:19:25 [0m[33m[WARN] [0m(main) Received transform. We currently ignore those
12:19:25 [0m[33m[WARN] [0m(main) Received transform. We currently ignore those
12:19:25 [0m[33m[WARN] [0m(main) Received transform. We currently ignore those
12:19:25 [0m[33m[WARN] [0m(main) Received transform. We currently ignore those
12:19:25 [0m[33m[WARN] [0m(main) Received transform. We currently ignore those
12:19:26 [0m[33m[WARN] [0m(main) Received transform. We currently ignore those
12:19:26 [0m[33m[WARN] [0m(main) Received transform. We currently ignore those
12:19:26 [0m[33m[WARN] [0m(main) Received transform. We currently ignore those
12:19:26 [0m[33m[WARN] [0m(main) Received transform. We currently ignore those
12:19:26 [0m[33m[WARN] [0m(main) Received transform. We currently ignore those
12:19:26 [0m[33m[WARN] [0m(main) Received transform. We currently ignore those
12:19:26 [0m[33m[WARN] [0m(main) Received transform. We currently ignore those
12:19:26 [0m[33m[WARN] [0m(main) Received transform. We currently ignore those
12:19:26 [0m[33m[WARN] [0m(main) Received transform. We currently ignore those
12:19:26 [0m[33m[WARN] [0m(main) Received transform. We currently ignore those
12:19:26 [0m[33m[WARN] [0m(main) Received transform. We currently ignore those
12:19:26 [0m[33m[WARN] [0m(main) Received transform. We currently ignore those
12:19:26 [0m[33m[WARN] [0m(main) Received transform. We currently ignore those
12:19:26 [0m[33m[WARN] [0m(main) Received transform. We currently ignore those
12:19:26 [0m[33m[WARN] [0m(main) Received transform. We currently ignore those
12:19:26 [0m[33m[WARN] [0m(main) Received transform. We currently ignore those
12:19:26 [0m[33m[WARN] [0m(main) Received transform. We currently ignore those
12:19:26 [0m[33m[WARN] [0m(main) Received transform. We currently ignore those
12:19:27 [0m[33m[WARN] [0m(main) Received transform. We currently ignore those
12:19:27 [0m[33m[WARN] [0m(main) Received transform. We currently ignore those
12:19:27 [0m[33m[WARN] [0m(main) Received transform. We currently ignore those
12:19:27 [0m[33m[WARN] [0m(main) Received transform. We currently ignore those
12:19:27 [0m[33m[WARN] [0m(main) Received transform. We currently ignore those
12:19:27 [0m[33m[WARN] [0m(main) Received transform. We currently ignore those
12:19:27 [0m[33m[WARN] [0m(main) Received transform. We currently ignore those
12:19:27 [0m[33m[WARN] [0m(main) Received transform. We currently ignore those
12:19:27 [0m[33m[WARN] [0m(main) Received transform. We currently ignore those
12:19:27 [0m[33m[WARN] [0m(main) Received transform. We currently ignore those
12:19:27 [0m[33m[WARN] [0m(main) Received transform. We currently ignore those
12:19:27 [0m[33m[WARN] [0m(main) Received transform. We currently ignore those
12:19:27 [0m[33m[WARN] [0m(main) Received transform. We currently ignore those
12:19:27 [0m[33m[WARN] [0m(main) Received transform. We currently ignore those
12:19:27 [0m[33m[WARN] [0m(main) Received transform. We currently ignore those
12:19:27 [0m[33m[WARN] [0m(main) Received transform. We currently ignore those
12:19:27 [0m[33m[WARN] [0m(main) Received transform. We currently ignore those
12:19:27 [0m[33m[WARN] [0m(main) Received transform. We currently ignore those
12:19:27 [0m[33m[WARN] [0m(main) Received transform. We currently ignore those
12:19:27 [0m[33m[WARN] [0m(main) Received transform. We currently ignore those
12:19:27 [0m[33m[WARN] [0m(main) Received transform. We currently ignore those
12:19:27 [0m[33m[WARN] [0m(main) Received transform. We currently ignore those
12:19:27 [0m[33m[WARN] [0m(main) Received transform. We currently ignore those
12:19:27 [0m[33m[WARN] [0m(main) Received transform. We currently ignore those
12:19:27 [0m[33m[WARN] [0m(main) Received transform. We currently ignore those
12:19:27 [0m[33m[WARN] [0m(main) Received transform. We currently ignore those
12:19:27 [0m[33m[WARN] [0m(main) Received transform. We currently ignore those
12:19:27 [0m[33m[WARN] [0m(main) Received transform. We currently ignore those
12:19:27 [0m[33m[WARN] [0m(main) Received transform. We currently ignore those
12:19:27 [0m[33m[WARN] [0m(main) Received transform. We currently ignore those
12:19:27 [0m[33m[WARN] [0m(main) Received transform. We currently ignore those
12:19:27 [0m[33m[WARN] [0m(main) Received transform. We currently ignore those
12:19:27 [0m[33m[WARN] [0m(main) Received transform. We currently ignore those
12:19:27 [0m[33m[WARN] [0m(main) Received transform. We currently ignore those
12:19:27 [0m[33m[WARN] [0m(main) Received transform. We currently ignore those
12:19:27 [0m[33m[WARN] [0m(main) Received transform. We currently ignore those
12:19:27 [0m[33m[WARN] [0m(main) Received transform. We currently ignore those
12:19:27 [0m[33m[WARN] [0m(main) Received transform. We currently ignore those
12:19:27 [0m[33m[WARN] [0m(main) Received transform. We currently ignore those
12:19:27 [0m[33m[WARN] [0m(main) Received transform. We currently ignore those
12:19:27 [0m[33m[WARN] [0m(main) Received transform. We currently ignore those
12:19:28 [0m[33m[WARN] [0m(main) Received transform. We currently ignore those
12:19:28 [0m[33m[WARN] [0m(main) Received transform. We currently ignore those
12:19:28 [0m[33m[WARN] [0m(main) Received transform. We currently ignore those
12:19:28 [0m[33m[WARN] [0m(main) Received transform. We currently ignore those
12:19:28 [0m[33m[WARN] [0m(main) Received transform. We currently ignore those
12:19:28 [0m[33m[WARN] [0m(main) Received transform. We currently ignore those
12:19:28 [0m[33m[WARN] [0m(main) Received transform. We currently ignore those
12:19:28 [0m[33m[WARN] [0m(main) Received transform. We currently ignore those
12:19:28 [0m[33m[WARN] [0m(main) Received transform. We currently ignore those
12:19:28 [0m[33m[WARN] [0m(main) Received transform. We currently ignore those
12:19:28 [0m[33m[WARN] [0m(main) Received transform. We currently ignore those
12:19:28 [0m[33m[WARN] [0m(main) Received transform. We currently ignore those
12:19:28 [0m[33m[WARN] [0m(main) Received transform. We currently ignore those
12:19:28 [0m[33m[WARN] [0m(main) Received transform. We currently ignore those
12:19:28 [0m[33m[WARN] [0m(main) Received transform. We currently ignore those
12:19:28 [0m[33m[WARN] [0m(main) Received transform. We currently ignore those
12:19:28 [0m[33m[WARN] [0m(main) Received transform. We currently ignore those
12:19:28 [0m[33m[WARN] [0m(main) Received transform. We currently ignore those
12:19:28 [0m[33m[WARN] [0m(main) Received transform. We currently ignore those
12:19:28 [0m[33m[WARN] [0m(main) Received transform. We currently ignore those
12:19:28 [0m[33m[WARN] [0m(main) Received transform. We currently ignore those
12:23:26 [0m[33m[WARN] [0m(main) Received transform. We currently ignore those
12:23:26 [0m[33m[WARN] [0m(main) Received transform. We currently ignore those
12:23:26 [0m[33m[WARN] [0m(main) Received transform. We currently ignore those
12:23:26 [0m[33m[WARN] [0m(main) Received transform. We currently ignore those
12:23:26 [0m[33m[WARN] [0m(main) Received transform. We currently ignore those
12:23:26 [0m[33m[WARN] [0m(main) Received transform. We currently ignore those
12:23:26 [0m[33m[WARN] [0m(main) Received transform. We currently ignore those
12:23:26 [0m[33m[WARN] [0m(main) Received transform. We currently ignore those
12:23:26 [0m[33m[WARN] [0m(main) Received transform. We currently ignore those
12:23:26 [0m[33m[WARN] [0m(main) Received transform. We currently ignore those
12:23:26 [0m[33m[WARN] [0m(main) Received transform. We currently ignore those
12:23:26 [0m[33m[WARN] [0m(main) Received transform. We currently ignore those
12:23:26 [0m[33m[WARN] [0m(main) Received transform. We currently ignore those
12:23:26 [0m[33m[WARN] [0m(main) Received transform. We currently ignore those
12:23:26 [0m[33m[WARN] [0m(main) Received transform. We currently ignore those
12:23:26 [0m[33m[WARN] [0m(main) Received transform. We currently ignore those
12:23:26 [0m[33m[WARN] [0m(main) Received transform. We currently ignore those
12:23:26 [0m[33m[WARN] [0m(main) Received transform. We currently ignore those
12:23:26 [0m[33m[WARN] [0m(main) Received transform. We currently ignore those
12:23:26 [0m[33m[WARN] [0m(main) Received transform. We currently ignore those
12:23:26 [0m[33m[WARN] [0m(main) Received transform. We currently ignore those
12:23:26 [0m[33m[WARN] [0m(main) Received transform. We currently ignore those
12:23:26 [0m[33m[WARN] [0m(main) Received transform. We currently ignore those
12:23:26 [0m[33m[WARN] [0m(main) Received transform. We currently ignore those
12:23:26 [0m[33m[WARN] [0m(main) Received transform. We currently ignore those
12:23:26 [0m[33m[WARN] [0m(main) Received transform. We currently ignore those
12:23:27 [0m[33m[WARN] [0m(main) Received transform. We currently ignore those
12:23:27 [0m[33m[WARN] [0m(main) Received transform. We currently ignore those
12:23:27 [0m[33m[WARN] [0m(main) Received transform. We currently ignore those
12:23:27 [0m[33m[WARN] [0m(main) Received transform. We currently ignore those
12:23:27 [0m[33m[WARN] [0m(main) Received transform. We currently ignore those
12:23:27 [0m[33m[WARN] [0m(main) Received transform. We currently ignore those
12:23:27 [0m[33m[WARN] [0m(main) Received transform. We currently ignore those
12:23:27 [0m[33m[WARN] [0m(main) Received transform. We currently ignore those
12:23:27 [0m[33m[WARN] [0m(main) Received transform. We currently ignore those
12:23:27 [0m[33m[WARN] [0m(main) Received transform. We currently ignore those
12:23:27 [0m[33m[WARN] [0m(main) Received transform. We currently ignore those
12:23:27 [0m[33m[WARN] [0m(main) Received transform. We currently ignore those
12:23:27 [0m[33m[WARN] [0m(main) Received transform. We currently ignore those
12:23:27 [0m[33m[WARN] [0m(main) Received transform. We currently ignore those
12:23:27 [0m[33m[WARN] [0m(main) Received transform. We currently ignore those
12:23:27 [0m[33m[WARN] [0m(main) Received transform. We currently ignore those
12:23:27 [0m[33m[WARN] [0m(main) Received transform. We currently ignore those
12:23:27 [0m[33m[WARN] [0m(main) Received transform. We currently ignore those
12:23:27 [0m[33m[WARN] [0m(main) Received transform. We currently ignore those
12:23:27 [0m[33m[WARN] [0m(main) Received transform. We currently ignore those
12:23:27 [0m[33m[WARN] [0m(main) Received transform. We currently ignore those
12:23:27 [0m[33m[WARN] [0m(main) Received transform. We currently ignore those
12:23:27 [0m[33m[WARN] [0m(main) Received transform. We currently ignore those
12:23:27 [0m[33m[WARN] [0m(main) Received transform. We currently ignore those
12:23:27 [0m[33m[WARN] [0m(main) Received transform. We currently ignore those
12:23:27 [0m[33m[WARN] [0m(main) Received transform. We currently ignore those
12:23:27 [0m[33m[WARN] [0m(main) Received transform. We currently ignore those
12:23:27 [0m[33m[WARN] [0m(main) Received transform. We currently ignore those
12:23:27 [0m[33m[WARN] [0m(main) Received transform. We currently ignore those
12:23:27 [0m[33m[WARN] [0m(main) Received transform. We currently ignore those
12:23:27 [0m[33m[WARN] [0m(main) Received transform. We currently ignore those
12:23:27 [0m[33m[WARN] [0m(main) Received transform. We currently ignore those
12:23:27 [0m[33m[WARN] [0m(main) Received transform. We currently ignore those
12:23:27 [0m[33m[WARN] [0m(main) Received transform. We currently ignore those
12:23:27 [0m[33m[WARN] [0m(main) Received transform. We currently ignore those
12:23:27 [0m[33m[WARN] [0m(main) Received transform. We currently ignore those
12:23:27 [0m[33m[WARN] [0m(main) Received transform. We currently ignore those
12:23:27 [0m[33m[WARN] [0m(main) Received transform. We currently ignore those
12:28:55 [0m[33m[WARN] [0m(main) Received transform. We currently ignore those
12:28:55 [0m[33m[WARN] [0m(main) Received transform. We currently ignore those
12:28:55 [0m[33m[WARN] [0m(main) Received transform. We currently ignore those
12:28:55 [0m[33m[WARN] [0m(main) Received transform. We currently ignore those
12:28:55 [0m[33m[WARN] [0m(main) Received transform. We currently ignore those
12:28:55 [0m[33m[WARN] [0m(main) Received transform. We currently ignore those
12:28:55 [0m[33m[WARN] [0m(main) Received transform. We currently ignore those
12:28:55 [0m[33m[WARN] [0m(main) Received transform. We currently ignore those
12:28:55 [0m[33m[WARN] [0m(main) Received transform. We currently ignore those
12:28:55 [0m[33m[WARN] [0m(main) Received transform. We currently ignore those
12:28:55 [0m[33m[WARN] [0m(main) Received transform. We currently ignore those
12:28:55 [0m[33m[WARN] [0m(main) Received transform. We currently ignore those
12:28:55 [0m[33m[WARN] [0m(main) Received transform. We currently ignore those
12:28:55 [0m[33m[WARN] [0m(main) Received transform. We currently ignore those
12:28:55 [0m[33m[WARN] [0m(main) Received transform. We currently ignore those
12:28:55 [0m[33m[WARN] [0m(main) Received transform. We currently ignore those
12:28:55 [0m[33m[WARN] [0m(main) Received transform. We currently ignore those
12:28:55 [0m[33m[WARN] [0m(main) Received transform. We currently ignore those
12:28:55 [0m[33m[WARN] [0m(main) Received transform. We currently ignore those
12:28:55 [0m[33m[WARN] [0m(main) Received transform. We currently ignore those
12:28:55 [0m[33m[WARN] [0m(main) Received transform. We currently ignore those
12:28:55 [0m[33m[WARN] [0m(main) Received transform. We currently ignore those
12:28:55 [0m[33m[WARN] [0m(main) Received transform. We currently ignore those
12:28:55 [0m[33m[WARN] [0m(main) Received transform. We currently ignore those
12:28:55 [0m[33m[WARN] [0m(main) Received transform. We currently ignore those
12:28:55 [0m[33m[WARN] [0m(main) Received transform. We currently ignore those
12:28:56 [0m[33m[WARN] [0m(main) Received transform. We currently ignore those
12:28:56 [0m[33m[WARN] [0m(main) Received transform. We currently ignore those
12:28:56 [0m[33m[WARN] [0m(main) Received transform. We currently ignore those
12:28:56 [0m[33m[WARN] [0m(main) Received transform. We currently ignore those
12:28:56 [0m[33m[WARN] [0m(main) Received transform. We currently ignore those
12:28:56 [0m[33m[WARN] [0m(main) Received transform. We currently ignore those
12:28:56 [0m[33m[WARN] [0m(main) Received transform. We currently ignore those
12:28:56 [0m[33m[WARN] [0m(main) Received transform. We currently ignore those
12:28:56 [0m[33m[WARN] [0m(main) Received transform. We currently ignore those
12:28:56 [0m[33m[WARN] [0m(main) Received transform. We currently ignore those
12:28:56 [0m[33m[WARN] [0m(main) Received transform. We currently ignore those
12:28:56 [0m[33m[WARN] [0m(main) Received transform. We currently ignore those
12:28:56 [0m[33m[WARN] [0m(main) Received transform. We currently ignore those
12:28:56 [0m[33m[WARN] [0m(main) Received transform. We currently ignore those
12:28:56 [0m[33m[WARN] [0m(main) Received transform. We currently ignore those
12:28:56 [0m[33m[WARN] [0m(main) Received transform. We currently ignore those
12:28:56 [0m[33m[WARN] [0m(main) Received transform. We currently ignore those
12:28:56 [0m[33m[WARN] [0m(main) Received transform. We currently ignore those
12:28:56 [0m[33m[WARN] [0m(main) Received transform. We currently ignore those
12:28:56 [0m[33m[WARN] [0m(main) Received transform. We currently ignore those
12:28:56 [0m[33m[WARN] [0m(main) Received transform. We currently ignore those
12:28:56 [0m[33m[WARN] [0m(main) Received transform. We currently ignore those
12:28:56 [0m[33m[WARN] [0m(main) Received transform. We currently ignore those
12:28:56 [0m[33m[WARN] [0m(main) Received transform. We currently ignore those
12:28:56 [0m[33m[WARN] [0m(main) Received transform. We currently ignore those
12:28:56 [0m[33m[WARN] [0m(main) Received transform. We currently ignore those
12:28:56 [0m[33m[WARN] [0m(main) Received transform. We currently ignore those
12:28:56 [0m[33m[WARN] [0m(main) Received transform. We currently ignore those
12:28:56 [0m[33m[WARN] [0m(main) Received transform. We currently ignore those
12:28:56 [0m[33m[WARN] [0m(main) Received transform. We currently ignore those
12:28:56 [0m[33m[WARN] [0m(main) Received transform. We currently ignore those
12:28:56 [0m[33m[WARN] [0m(main) Received transform. We currently ignore those
12:28:56 [0m[33m[WARN] [0m(main) Received transform. We currently ignore those
12:28:56 [0m[33m[WARN] [0m(main) Received transform. We currently ignore those
12:28:56 [0m[33m[WARN] [0m(main) Received transform. We currently ignore those
12:28:56 [0m[33m[WARN] [0m(main) Received transform. We currently ignore those
12:28:56 [0m[33m[WARN] [0m(main) Received transform. We currently ignore those
12:28:56 [0m[33m[WARN] [0m(main) Received transform. We currently ignore those
12:28:57 [0m[33m[WARN] [0m(main) Received transform. We currently ignore those
12:28:57 [0m[33m[WARN] [0m(main) Received transform. We currently ignore those
12:28:57 [0m[33m[WARN] [0m(main) Received transform. We currently ignore those
12:28:57 [0m[33m[WARN] [0m(main) Received transform. We currently ignore those
12:28:57 [0m[33m[WARN] [0m(main) Received transform. We currently ignore those
12:28:57 [0m[33m[WARN] [0m(main) Received transform. We currently ignore those
12:28:57 [0m[33m[WARN] [0m(main) Received transform. We currently ignore those
12:28:57 [0m[33m[WARN] [0m(main) Received transform. We currently ignore those
12:28:57 [0m[33m[WARN] [0m(main) Received transform. We currently ignore those
12:28:57 [0m[33m[WARN] [0m(main) Received transform. We currently ignore those
12:28:57 [0m[33m[WARN] [0m(main) Received transform. We currently ignore those
12:28:57 [0m[33m[WARN] [0m(main) Received transform. We currently ignore those
12:28:57 [0m[33m[WARN] [0m(main) Received transform. We currently ignore those
12:28:57 [0m[33m[WARN] [0m(main) Received transform. We currently ignore those
12:28:57 [0m[33m[WARN] [0m(main) Received transform. We currently ignore those
12:28:57 [0m[33m[WARN] [0m(main) Received transform. We currently ignore those
12:28:57 [0m[33m[WARN] [0m(main) Received transform. We currently ignore those
12:28:57 [0m[33m[WARN] [0m(main) Received transform. We currently ignore those
12:28:57 [0m[33m[WARN] [0m(main) Received transform. We currently ignore those
12:28:57 [0m[33m[WARN] [0m(main) Received transform. We currently ignore those
12:28:57 [0m[33m[WARN] [0m(main) Received transform. We currently ignore those
12:28:57 [0m[33m[WARN] [0m(main) Received transform. We currently ignore those
12:28:57 [0m[33m[WARN] [0m(main) Received transform. We currently ignore those
12:28:57 [0m[33m[WARN] [0m(main) Received transform. We currently ignore those
12:28:57 [0m[33m[WARN] [0m(main) Received transform. We currently ignore those
12:28:57 [0m[33m[WARN] [0m(main) Received transform. We currently ignore those
12:28:57 [0m[33m[WARN] [0m(main) Received transform. We currently ignore those
12:28:57 [0m[33m[WARN] [0m(main) Received transform. We currently ignore those
12:28:58 [0m[33m[WARN] [0m(main) Received transform. We currently ignore those
12:28:58 [0m[33m[WARN] [0m(main) Received transform. We currently ignore those
12:28:58 [0m[33m[WARN] [0m(main) Received transform. We currently ignore those
12:28:58 [0m[33m[WARN] [0m(main) Received transform. We currently ignore those
12:28:58 [0m[33m[WARN] [0m(main) Received transform. We currently ignore those
12:28:58 [0m[33m[WARN] [0m(main) Received transform. We currently ignore those
12:28:58 [0m[33m[WARN] [0m(main) Received transform. We currently ignore those
12:28:58 [0m[33m[WARN] [0m(main) Received transform. We currently ignore those
12:28:58 [0m[33m[WARN] [0m(main) Received transform. We currently ignore those
12:28:58 [0m[33m[WARN] [0m(main) Received transform. We currently ignore those
12:28:58 [0m[33m[WARN] [0m(main) Received transform. We currently ignore those
12:28:58 [0m[33m[WARN] [0m(main) Received transform. We currently ignore those
12:28:58 [0m[33m[WARN] [0m(main) Received transform. We currently ignore those
12:28:58 [0m[33m[WARN] [0m(main) Received transform. We currently ignore those
12:28:58 [0m[33m[WARN] [0m(main) Received transform. We currently ignore those
12:28:58 [0m[33m[WARN] [0m(main) Received transform. We currently ignore those
12:28:58 [0m[33m[WARN] [0m(main) Received transform. We currently ignore those
12:28:58 [0m[33m[WARN] [0m(main) Received transform. We currently ignore those
12:28:58 [0m[33m[WARN] [0m(main) Received transform. We currently ignore those
12:28:58 [0m[33m[WARN] [0m(main) Received transform. We currently ignore those
12:28:58 [0m[33m[WARN] [0m(main) Received transform. We currently ignore those
12:28:58 [0m[33m[WARN] [0m(main) Received transform. We currently ignore those
12:28:58 [0m[33m[WARN] [0m(main) Received transform. We currently ignore those
12:28:58 [0m[33m[WARN] [0m(main) Received transform. We currently ignore those
12:28:58 [0m[33m[WARN] [0m(main) Received transform. We currently ignore those
12:28:58 [0m[33m[WARN] [0m(main) Received transform. We currently ignore those
12:28:58 [0m[33m[WARN] [0m(main) Received transform. We currently ignore those
12:28:58 [0m[33m[WARN] [0m(main) Received transform. We currently ignore those
12:28:58 [0m[33m[WARN] [0m(main) Received transform. We currently ignore those
12:28:58 [0m[33m[WARN] [0m(main) Received transform. We currently ignore those
12:28:58 [0m[33m[WARN] [0m(main) Received transform. We currently ignore those
12:28:58 [0m[33m[WARN] [0m(main) Received transform. We currently ignore those
12:28:58 [0m[33m[WARN] [0m(main) Received transform. We currently ignore those
12:28:58 [0m[33m[WARN] [0m(main) Received transform. We currently ignore those
12:30:24 [0m[33m[WARN] [0m(main) Received transform. We currently ignore those
12:30:24 [0m[33m[WARN] [0m(main) Received transform. We currently ignore those
12:30:26 [0m[33m[WARN] [0m(main) Received transform. We currently ignore those
12:30:26 [0m[33m[WARN] [0m(main) Received transform. We currently ignore those
12:30:26 [0m[33m[WARN] [0m(main) Received transform. We currently ignore those
12:30:26 [0m[33m[WARN] [0m(main) Received transform. We currently ignore those
12:30:26 [0m[33m[WARN] [0m(main) Received transform. We currently ignore those
12:30:26 [0m[33m[WARN] [0m(main) Received transform. We currently ignore those
12:30:26 [0m[33m[WARN] [0m(main) Received transform. We currently ignore those
12:30:26 [0m[33m[WARN] [0m(main) Received transform. We currently ignore those
12:30:26 [0m[33m[WARN] [0m(main) Received transform. We currently ignore those
12:30:26 [0m[33m[WARN] [0m(main) Received transform. We currently ignore those
12:30:26 [0m[33m[WARN] [0m(main) Received transform. We currently ignore those
12:30:26 [0m[33m[WARN] [0m(main) Received transform. We currently ignore those
12:30:26 [0m[33m[WARN] [0m(main) Received transform. We currently ignore those
12:30:26 [0m[33m[WARN] [0m(main) Received transform. We currently ignore those
12:30:26 [0m[33m[WARN] [0m(main) Received transform. We currently ignore those
12:30:26 [0m[33m[WARN] [0m(main) Received transform. We currently ignore those
12:30:26 [0m[33m[WARN] [0m(main) Received transform. We currently ignore those
12:30:26 [0m[33m[WARN] [0m(main) Received transform. We currently ignore those
12:30:26 [0m[33m[WARN] [0m(main) Received transform. We currently ignore those
12:30:26 [0m[33m[WARN] [0m(main) Received transform. We currently ignore those
12:30:26 [0m[33m[WARN] [0m(main) Received transform. We currently ignore those
12:30:26 [0m[33m[WARN] [0m(main) Received transform. We currently ignore those
12:30:26 [0m[33m[WARN] [0m(main) Received transform. We currently ignore those
12:30:26 [0m[33m[WARN] [0m(main) Received transform. We currently ignore those
12:30:26 [0m[33m[WARN] [0m(main) Received transform. We currently ignore those
12:30:26 [0m[33m[WARN] [0m(main) Received transform. We currently ignore those
12:30:26 [0m[33m[WARN] [0m(main) Received transform. We currently ignore those
12:30:26 [0m[33m[WARN] [0m(main) Received transform. We currently ignore those
12:30:26 [0m[33m[WARN] [0m(main) Received transform. We currently ignore those
12:30:26 [0m[33m[WARN] [0m(main) Received transform. We currently ignore those
12:30:26 [0m[33m[WARN] [0m(main) Received transform. We currently ignore those
12:30:26 [0m[33m[WARN] [0m(main) Received transform. We currently ignore those
12:30:26 [0m[33m[WARN] [0m(main) Received transform. We currently ignore those
12:30:26 [0m[33m[WARN] [0m(main) Received transform. We currently ignore those
12:30:26 [0m[33m[WARN] [0m(main) Received transform. We currently ignore those
12:30:26 [0m[33m[WARN] [0m(main) Received transform. We currently ignore those
12:30:26 [0m[33m[WARN] [0m(main) Received transform. We currently ignore those
12:30:26 [0m[33m[WARN] [0m(main) Received transform. We currently ignore those
12:30:26 [0m[33m[WARN] [0m(main) Received transform. We currently ignore those
12:30:26 [0m[33m[WARN] [0m(main) Received transform. We currently ignore those
12:30:26 [0m[33m[WARN] [0m(main) Received transform. We currently ignore those
12:30:26 [0m[33m[WARN] [0m(main) Received transform. We currently ignore those
12:30:26 [0m[33m[WARN] [0m(main) Received transform. We currently ignore those
12:30:26 [0m[33m[WARN] [0m(main) Received transform. We currently ignore those
12:30:26 [0m[33m[WARN] [0m(main) Received transform. We currently ignore those
12:30:26 [0m[33m[WARN] [0m(main) Received transform. We currently ignore those
12:30:26 [0m[33m[WARN] [0m(main) Received transform. We currently ignore those
12:30:26 [0m[33m[WARN] [0m(main) Received transform. We currently ignore those
12:30:26 [0m[33m[WARN] [0m(main) Received transform. We currently ignore those
12:30:26 [0m[33m[WARN] [0m(main) Received transform. We currently ignore those
12:30:26 [0m[33m[WARN] [0m(main) Received transform. We currently ignore those
12:30:26 [0m[33m[WARN] [0m(main) Received transform. We currently ignore those
12:30:27 [0m[33m[WARN] [0m(main) Received transform. We currently ignore those
12:30:27 [0m[33m[WARN] [0m(main) Received transform. We currently ignore those
12:30:27 [0m[33m[WARN] [0m(main) Received transform. We currently ignore those
12:30:27 [0m[33m[WARN] [0m(main) Received transform. We currently ignore those
12:30:27 [0m[33m[WARN] [0m(main) Received transform. We currently ignore those
12:30:27 [0m[33m[WARN] [0m(main) Received transform. We currently ignore those
12:30:27 [0m[33m[WARN] [0m(main) Received transform. We currently ignore those
12:30:27 [0m[33m[WARN] [0m(main) Received transform. We currently ignore those
12:30:27 [0m[33m[WARN] [0m(main) Received transform. We currently ignore those
12:30:27 [0m[33m[WARN] [0m(main) Received transform. We currently ignore those
12:30:27 [0m[33m[WARN] [0m(main) Received transform. We currently ignore those
12:30:27 [0m[33m[WARN] [0m(main) Received transform. We currently ignore those
12:30:27 [0m[33m[WARN] [0m(main) Received transform. We currently ignore those
12:30:27 [0m[33m[WARN] [0m(main) Received transform. We currently ignore those
12:30:27 [0m[33m[WARN] [0m(main) Received transform. We currently ignore those
12:30:27 [0m[33m[WARN] [0m(main) Received transform. We currently ignore those
12:30:27 [0m[33m[WARN] [0m(main) Received transform. We currently ignore those
12:30:27 [0m[33m[WARN] [0m(main) Received transform. We currently ignore those
12:30:27 [0m[33m[WARN] [0m(main) Received transform. We currently ignore those
12:30:27 [0m[33m[WARN] [0m(main) Received transform. We currently ignore those
12:30:27 [0m[33m[WARN] [0m(main) Received transform. We currently ignore those
12:30:27 [0m[33m[WARN] [0m(main) Received transform. We currently ignore those
12:30:27 [0m[33m[WARN] [0m(main) Received transform. We currently ignore those
12:30:27 [0m[33m[WARN] [0m(main) Received transform. We currently ignore those
12:30:27 [0m[33m[WARN] [0m(main) Received transform. We currently ignore those
12:30:27 [0m[33m[WARN] [0m(main) Received transform. We currently ignore those
12:30:27 [0m[33m[WARN] [0m(main) Received transform. We currently ignore those
12:30:27 [0m[33m[WARN] [0m(main) Received transform. We currently ignore those
12:30:27 [0m[33m[WARN] [0m(main) Received transform. We currently ignore those
12:30:27 [0m[33m[WARN] [0m(main) Received transform. We currently ignore those
12:30:27 [0m[33m[WARN] [0m(main) Received transform. We currently ignore those
12:30:27 [0m[33m[WARN] [0m(main) Received transform. We currently ignore those
12:30:27 [0m[33m[WARN] [0m(main) Received transform. We currently ignore those
12:30:27 [0m[33m[WARN] [0m(main) Received transform. We currently ignore those
12:30:27 [0m[33m[WARN] [0m(main) Received transform. We currently ignore those
12:30:27 [0m[33m[WARN] [0m(main) Received transform. We currently ignore those
12:30:27 [0m[33m[WARN] [0m(main) Received transform. We currently ignore those
12:30:27 [0m[33m[WARN] [0m(main) Received transform. We currently ignore those
12:30:27 [0m[33m[WARN] [0m(main) Received transform. We currently ignore those
12:30:27 [0m[33m[WARN] [0m(main) Received transform. We currently ignore those
12:30:27 [0m[33m[WARN] [0m(main) Received transform. We currently ignore those
12:30:27 [0m[33m[WARN] [0m(main) Received transform. We currently ignore those
12:30:27 [0m[33m[WARN] [0m(main) Received transform. We currently ignore those
12:30:27 [0m[33m[WARN] [0m(main) Received transform. We currently ignore those
12:30:27 [0m[33m[WARN] [0m(main) Received transform. We currently ignore those
12:30:27 [0m[33m[WARN] [0m(main) Received transform. We currently ignore those
12:30:27 [0m[33m[WARN] [0m(main) Received transform. We currently ignore those
12:30:27 [0m[33m[WARN] [0m(main) Received transform. We currently ignore those
12:30:27 [0m[33m[WARN] [0m(main) Received transform. We currently ignore those
12:30:27 [0m[33m[WARN] [0m(main) Received transform. We currently ignore those
12:30:27 [0m[33m[WARN] [0m(main) Received transform. We currently ignore those
12:30:27 [0m[33m[WARN] [0m(main) Received transform. We currently ignore those
12:30:27 [0m[33m[WARN] [0m(main) Received transform. We currently ignore those
12:30:27 [0m[33m[WARN] [0m(main) Received transform. We currently ignore those
12:30:27 [0m[33m[WARN] [0m(main) Received transform. We currently ignore those
12:30:27 [0m[33m[WARN] [0m(main) Received transform. We currently ignore those
12:30:27 [0m[33m[WARN] [0m(main) Received transform. We currently ignore those
12:30:27 [0m[33m[WARN] [0m(main) Received transform. We currently ignore those
12:30:28 [0m[33m[WARN] [0m(main) Received transform. We currently ignore those
12:30:28 [0m[33m[WARN] [0m(main) Received transform. We currently ignore those
12:30:28 [0m[33m[WARN] [0m(main) Received transform. We currently ignore those
12:30:28 [0m[33m[WARN] [0m(main) Received transform. We currently ignore those
12:30:28 [0m[33m[WARN] [0m(main) Received transform. We currently ignore those
12:30:28 [0m[33m[WARN] [0m(main) Received transform. We currently ignore those
12:30:28 [0m[33m[WARN] [0m(main) Received transform. We currently ignore those
12:30:28 [0m[33m[WARN] [0m(main) Received transform. We currently ignore those
12:30:28 [0m[33m[WARN] [0m(main) Received transform. We currently ignore those
12:30:28 [0m[33m[WARN] [0m(main) Received transform. We currently ignore those
12:30:28 [0m[33m[WARN] [0m(main) Received transform. We currently ignore those
12:30:28 [0m[33m[WARN] [0m(main) Received transform. We currently ignore those
12:30:28 [0m[33m[WARN] [0m(main) Received transform. We currently ignore those
12:30:28 [0m[33m[WARN] [0m(main) Received transform. We currently ignore those
12:30:28 [0m[33m[WARN] [0m(main) Received transform. We currently ignore those
12:30:28 [0m[33m[WARN] [0m(main) Received transform. We currently ignore those
12:30:28 [0m[33m[WARN] [0m(main) Received transform. We currently ignore those
12:30:28 [0m[33m[WARN] [0m(main) Received transform. We currently ignore those
12:30:28 [0m[33m[WARN] [0m(main) Received transform. We currently ignore those
12:30:28 [0m[33m[WARN] [0m(main) Received transform. We currently ignore those
12:30:28 [0m[33m[WARN] [0m(main) Received transform. We currently ignore those
12:30:28 [0m[33m[WARN] [0m(main) Received transform. We currently ignore those
12:30:28 [0m[33m[WARN] [0m(main) Received transform. We currently ignore those
12:30:28 [0m[33m[WARN] [0m(main) Received transform. We currently ignore those
12:30:28 [0m[33m[WARN] [0m(main) Received transform. We currently ignore those
12:30:28 [0m[33m[WARN] [0m(main) Received transform. We currently ignore those
12:30:28 [0m[33m[WARN] [0m(main) Received transform. We currently ignore those
12:30:28 [0m[33m[WARN] [0m(main) Received transform. We currently ignore those
12:30:28 [0m[33m[WARN] [0m(main) Received transform. We currently ignore those
12:30:28 [0m[33m[WARN] [0m(main) Received transform. We currently ignore those
12:30:28 [0m[33m[WARN] [0m(main) Received transform. We currently ignore those
12:30:28 [0m[33m[WARN] [0m(main) Received transform. We currently ignore those
12:30:28 [0m[33m[WARN] [0m(main) Received transform. We currently ignore those
12:30:28 [0m[33m[WARN] [0m(main) Received transform. We currently ignore those
12:30:28 [0m[33m[WARN] [0m(main) Received transform. We currently ignore those
12:30:28 [0m[33m[WARN] [0m(main) Received transform. We currently ignore those
12:30:28 [0m[33m[WARN] [0m(main) Received transform. We currently ignore those
12:30:28 [0m[33m[WARN] [0m(main) Received transform. We currently ignore those
12:30:28 [0m[33m[WARN] [0m(main) Received transform. We currently ignore those
12:30:28 [0m[33m[WARN] [0m(main) Received transform. We currently ignore those
12:30:28 [0m[33m[WARN] [0m(main) Received transform. We currently ignore those
12:30:28 [0m[33m[WARN] [0m(main) Received transform. We currently ignore those
12:30:28 [0m[33m[WARN] [0m(main) Received transform. We currently ignore those
12:30:28 [0m[33m[WARN] [0m(main) Received transform. We currently ignore those
12:30:28 [0m[33m[WARN] [0m(main) Received transform. We currently ignore those
12:30:28 [0m[33m[WARN] [0m(main) Received transform. We currently ignore those
12:30:28 [0m[33m[WARN] [0m(main) Received transform. We currently ignore those
12:30:28 [0m[33m[WARN] [0m(main) Received transform. We currently ignore those
12:30:28 [0m[33m[WARN] [0m(main) Received transform. We currently ignore those
12:30:28 [0m[33m[WARN] [0m(main) Received transform. We currently ignore those
12:30:29 [0m[33m[WARN] [0m(main) Received transform. We currently ignore those
12:30:29 [0m[33m[WARN] [0m(main) Received transform. We currently ignore those
12:30:29 [0m[33m[WARN] [0m(main) Received transform. We currently ignore those
12:30:29 [0m[33m[WARN] [0m(main) Received transform. We currently ignore those
12:30:29 [0m[33m[WARN] [0m(main) Received transform. We currently ignore those
12:30:29 [0m[33m[WARN] [0m(main) Received transform. We currently ignore those
12:30:29 [0m[33m[WARN] [0m(main) Received transform. We currently ignore those
12:30:29 [0m[33m[WARN] [0m(main) Received transform. We currently ignore those
12:30:29 [0m[33m[WARN] [0m(main) Received transform. We currently ignore those
12:30:29 [0m[33m[WARN] [0m(main) Received transform. We currently ignore those
12:30:29 [0m[33m[WARN] [0m(main) Received transform. We currently ignore those
12:30:29 [0m[33m[WARN] [0m(main) Received transform. We currently ignore those
12:30:29 [0m[33m[WARN] [0m(main) Received transform. We currently ignore those
12:30:29 [0m[33m[WARN] [0m(main) Received transform. We currently ignore those
12:30:29 [0m[33m[WARN] [0m(main) Received transform. We currently ignore those
12:30:29 [0m[33m[WARN] [0m(main) Received transform. We currently ignore those
12:30:29 [0m[33m[WARN] [0m(main) Received transform. We currently ignore those
12:30:29 [0m[33m[WARN] [0m(main) Received transform. We currently ignore those
12:30:29 [0m[33m[WARN] [0m(main) Received transform. We currently ignore those
12:30:29 [0m[33m[WARN] [0m(main) Received transform. We currently ignore those
12:30:29 [0m[33m[WARN] [0m(main) Received transform. We currently ignore those
12:30:29 [0m[33m[WARN] [0m(main) Received transform. We currently ignore those
12:30:29 [0m[33m[WARN] [0m(main) Received transform. We currently ignore those
12:30:29 [0m[33m[WARN] [0m(main) Received transform. We currently ignore those
12:30:29 [0m[33m[WARN] [0m(main) Received transform. We currently ignore those
12:30:29 [0m[33m[WARN] [0m(main) Received transform. We currently ignore those
12:30:31 [0m[33m[WARN] [0m(main) Received transform. We currently ignore those
12:30:31 [0m[33m[WARN] [0m(main) Received transform. We currently ignore those
12:30:31 [0m[33m[WARN] [0m(main) Received transform. We currently ignore those
12:30:31 [0m[33m[WARN] [0m(main) Received transform. We currently ignore those
12:30:31 [0m[33m[WARN] [0m(main) Received transform. We currently ignore those
12:30:31 [0m[33m[WARN] [0m(main) Received transform. We currently ignore those
12:30:31 [0m[33m[WARN] [0m(main) Received transform. We currently ignore those
12:30:31 [0m[33m[WARN] [0m(main) Received transform. We currently ignore those
12:30:31 [0m[33m[WARN] [0m(main) Received transform. We currently ignore those
12:30:31 [0m[33m[WARN] [0m(main) Received transform. We currently ignore those
12:30:31 [0m[33m[WARN] [0m(main) Received transform. We currently ignore those
12:30:31 [0m[33m[WARN] [0m(main) Received transform. We currently ignore those
12:30:31 [0m[33m[WARN] [0m(main) Received transform. We currently ignore those
12:30:31 [0m[33m[WARN] [0m(main) Received transform. We currently ignore those
12:30:31 [0m[33m[WARN] [0m(main) Received transform. We currently ignore those
12:30:31 [0m[33m[WARN] [0m(main) Received transform. We currently ignore those
12:30:31 [0m[33m[WARN] [0m(main) Received transform. We currently ignore those
12:30:31 [0m[33m[WARN] [0m(main) Received transform. We currently ignore those
12:30:31 [0m[33m[WARN] [0m(main) Received transform. We currently ignore those
12:30:31 [0m[33m[WARN] [0m(main) Received transform. We currently ignore those
12:30:31 [0m[33m[WARN] [0m(main) Received transform. We currently ignore those
12:30:31 [0m[33m[WARN] [0m(main) Received transform. We currently ignore those
12:30:31 [0m[33m[WARN] [0m(main) Received transform. We currently ignore those
12:30:31 [0m[33m[WARN] [0m(main) Received transform. We currently ignore those
12:30:31 [0m[33m[WARN] [0m(main) Received transform. We currently ignore those
12:30:31 [0m[33m[WARN] [0m(main) Received transform. We currently ignore those
12:30:31 [0m[33m[WARN] [0m(main) Received transform. We currently ignore those
12:30:31 [0m[33m[WARN] [0m(main) Received transform. We currently ignore those
12:30:31 [0m[33m[WARN] [0m(main) Received transform. We currently ignore those
12:30:31 [0m[33m[WARN] [0m(main) Received transform. We currently ignore those
12:30:31 [0m[33m[WARN] [0m(main) Received transform. We currently ignore those
12:30:31 [0m[33m[WARN] [0m(main) Received transform. We currently ignore those
12:30:31 [0m[33m[WARN] [0m(main) Received transform. We currently ignore those
12:30:31 [0m[33m[WARN] [0m(main) Received transform. We currently ignore those
12:30:32 [0m[33m[WARN] [0m(main) Received transform. We currently ignore those
12:30:32 [0m[33m[WARN] [0m(main) Received transform. We currently ignore those
12:30:32 [0m[33m[WARN] [0m(main) Received transform. We currently ignore those
12:30:32 [0m[33m[WARN] [0m(main) Received transform. We currently ignore those
12:30:32 [0m[33m[WARN] [0m(main) Received transform. We currently ignore those
12:30:32 [0m[33m[WARN] [0m(main) Received transform. We currently ignore those
12:30:32 [0m[33m[WARN] [0m(main) Received transform. We currently ignore those
12:30:32 [0m[33m[WARN] [0m(main) Received transform. We currently ignore those
12:30:32 [0m[33m[WARN] [0m(main) Received transform. We currently ignore those
12:30:32 [0m[33m[WARN] [0m(main) Received transform. We currently ignore those
12:30:32 [0m[33m[WARN] [0m(main) Received transform. We currently ignore those
12:30:32 [0m[33m[WARN] [0m(main) Received transform. We currently ignore those
12:30:32 [0m[33m[WARN] [0m(main) Received transform. We currently ignore those
12:30:32 [0m[33m[WARN] [0m(main) Received transform. We currently ignore those
12:30:32 [0m[33m[WARN] [0m(main) Received transform. We currently ignore those
12:30:32 [0m[33m[WARN] [0m(main) Received transform. We currently ignore those
12:30:32 [0m[33m[WARN] [0m(main) Received transform. We currently ignore those
12:30:32 [0m[33m[WARN] [0m(main) Received transform. We currently ignore those
12:30:32 [0m[33m[WARN] [0m(main) Received transform. We currently ignore those
12:30:32 [0m[33m[WARN] [0m(main) Received transform. We currently ignore those
12:30:32 [0m[33m[WARN] [0m(main) Received transform. We currently ignore those
12:30:32 [0m[33m[WARN] [0m(main) Received transform. We currently ignore those
12:30:32 [0m[33m[WARN] [0m(main) Received transform. We currently ignore those
12:30:32 [0m[33m[WARN] [0m(main) Received transform. We currently ignore those
12:30:32 [0m[33m[WARN] [0m(main) Received transform. We currently ignore those
12:30:32 [0m[33m[WARN] [0m(main) Received transform. We currently ignore those
12:30:32 [0m[33m[WARN] [0m(main) Received transform. We currently ignore those
12:30:32 [0m[33m[WARN] [0m(main) Received transform. We currently ignore those
12:30:32 [0m[33m[WARN] [0m(main) Received transform. We currently ignore those
12:30:32 [0m[33m[WARN] [0m(main) Received transform. We currently ignore those
12:30:32 [0m[33m[WARN] [0m(main) Received transform. We currently ignore those
12:30:32 [0m[33m[WARN] [0m(main) Received transform. We currently ignore those
12:30:33 [0m[33m[WARN] [0m(main) Received transform. We currently ignore those
12:30:33 [0m[33m[WARN] [0m(main) Received transform. We currently ignore those
12:30:34 [0m[33m[WARN] [0m(main) Received transform. We currently ignore those
12:30:34 [0m[33m[WARN] [0m(main) Received transform. We currently ignore those
12:30:34 [0m[33m[WARN] [0m(main) Received transform. We currently ignore those
12:30:34 [0m[33m[WARN] [0m(main) Received transform. We currently ignore those
12:30:34 [0m[33m[WARN] [0m(main) Received transform. We currently ignore those
12:30:34 [0m[33m[WARN] [0m(main) Received transform. We currently ignore those
12:30:34 [0m[33m[WARN] [0m(main) Received transform. We currently ignore those
12:30:34 [0m[33m[WARN] [0m(main) Received transform. We currently ignore those
12:30:34 [0m[33m[WARN] [0m(main) Received transform. We currently ignore those
12:30:34 [0m[33m[WARN] [0m(main) Received transform. We currently ignore those
12:30:34 [0m[33m[WARN] [0m(main) Received transform. We currently ignore those
12:30:34 [0m[33m[WARN] [0m(main) Received transform. We currently ignore those
12:30:34 [0m[33m[WARN] [0m(main) Received transform. We currently ignore those
12:30:34 [0m[33m[WARN] [0m(main) Received transform. We currently ignore those
12:30:34 [0m[33m[WARN] [0m(main) Received transform. We currently ignore those
12:30:34 [0m[33m[WARN] [0m(main) Received transform. We currently ignore those
12:30:34 [0m[33m[WARN] [0m(main) Received transform. We currently ignore those
12:30:34 [0m[33m[WARN] [0m(main) Received transform. We currently ignore those
12:30:34 [0m[33m[WARN] [0m(main) Received transform. We currently ignore those
12:30:34 [0m[33m[WARN] [0m(main) Received transform. We currently ignore those
12:30:34 [0m[33m[WARN] [0m(main) Received transform. We currently ignore those
12:30:34 [0m[33m[WARN] [0m(main) Received transform. We currently ignore those
12:30:34 [0m[33m[WARN] [0m(main) Received transform. We currently ignore those
12:30:34 [0m[33m[WARN] [0m(main) Received transform. We currently ignore those
12:30:34 [0m[33m[WARN] [0m(main) Received transform. We currently ignore those
12:30:34 [0m[33m[WARN] [0m(main) Received transform. We currently ignore those
12:30:34 [0m[33m[WARN] [0m(main) Received transform. We currently ignore those
12:30:34 [0m[33m[WARN] [0m(main) Received transform. We currently ignore those
12:30:34 [0m[33m[WARN] [0m(main) Received transform. We currently ignore those
12:30:34 [0m[33m[WARN] [0m(main) Received transform. We currently ignore those
12:30:34 [0m[33m[WARN] [0m(main) Received transform. We currently ignore those
12:30:34 [0m[33m[WARN] [0m(main) Received transform. We currently ignore those
12:30:34 [0m[33m[WARN] [0m(main) Received transform. We currently ignore those
12:30:34 [0m[33m[WARN] [0m(main) Received transform. We currently ignore those
12:30:35 [0m[33m[WARN] [0m(main) Received transform. We currently ignore those
12:30:35 [0m[33m[WARN] [0m(main) Received transform. We currently ignore those
12:30:35 [0m[33m[WARN] [0m(main) Received transform. We currently ignore those
12:30:35 [0m[33m[WARN] [0m(main) Received transform. We currently ignore those
12:30:35 [0m[33m[WARN] [0m(main) Received transform. We currently ignore those
12:30:35 [0m[33m[WARN] [0m(main) Received transform. We currently ignore those
12:30:35 [0m[33m[WARN] [0m(main) Received transform. We currently ignore those
12:30:35 [0m[33m[WARN] [0m(main) Received transform. We currently ignore those
12:30:35 [0m[33m[WARN] [0m(main) Received transform. We currently ignore those
12:30:35 [0m[33m[WARN] [0m(main) Received transform. We currently ignore those
12:30:35 [0m[33m[WARN] [0m(main) Received transform. We currently ignore those
12:30:35 [0m[33m[WARN] [0m(main) Received transform. We currently ignore those
12:30:35 [0m[33m[WARN] [0m(main) Received transform. We currently ignore those
12:30:35 [0m[33m[WARN] [0m(main) Received transform. We currently ignore those
12:30:35 [0m[33m[WARN] [0m(main) Received transform. We currently ignore those
12:30:35 [0m[33m[WARN] [0m(main) Received transform. We currently ignore those
12:30:35 [0m[33m[WARN] [0m(main) Received transform. We currently ignore those
12:30:35 [0m[33m[WARN] [0m(main) Received transform. We currently ignore those
12:30:35 [0m[33m[WARN] [0m(main) Received transform. We currently ignore those
12:30:35 [0m[33m[WARN] [0m(main) Received transform. We currently ignore those
12:30:35 [0m[33m[WARN] [0m(main) Received transform. We currently ignore those
12:30:35 [0m[33m[WARN] [0m(main) Received transform. We currently ignore those
12:30:35 [0m[33m[WARN] [0m(main) Received transform. We currently ignore those
12:30:35 [0m[33m[WARN] [0m(main) Received transform. We currently ignore those
12:30:35 [0m[33m[WARN] [0m(main) Received transform. We currently ignore those
12:30:35 [0m[33m[WARN] [0m(main) Received transform. We currently ignore those
12:30:35 [0m[33m[WARN] [0m(main) Received transform. We currently ignore those
12:30:35 [0m[33m[WARN] [0m(main) Received transform. We currently ignore those
12:30:35 [0m[33m[WARN] [0m(main) Received transform. We currently ignore those
12:30:35 [0m[33m[WARN] [0m(main) Received transform. We currently ignore those
12:30:35 [0m[34m[INFO] [0m(transition) BumpPool with: 3 buffers. Size: 43200Kb
12:30:35 [0m[34m[INFO] [0m(transition) BumpPool with: 3 buffers. Size: 15360Kb
12:30:35 [0m[33m[WARN] [0m(main) Received transform. We currently ignore those
12:30:35 [0m[33m[WARN] [0m(main) Received transform. We currently ignore those
12:30:35 [0m[33m[WARN] [0m(main) Received transform. We currently ignore those
12:30:35 [0m[33m[WARN] [0m(main) Received transform. We currently ignore those
12:30:35 [0m[33m[WARN] [0m(main) Received transform. We currently ignore those
12:30:35 [0m[33m[WARN] [0m(main) Received transform. We currently ignore those
12:30:35 [0m[33m[WARN] [0m(main) Received transform. We currently ignore those
12:30:35 [0m[33m[WARN] [0m(main) Received transform. We currently ignore those
12:30:35 [0m[33m[WARN] [0m(main) Received transform. We currently ignore those
12:30:35 [0m[33m[WARN] [0m(main) Received transform. We currently ignore those
12:30:35 [0m[33m[WARN] [0m(main) Received transform. We currently ignore those
12:30:35 [0m[33m[WARN] [0m(main) Received transform. We currently ignore those
12:30:35 [0m[33m[WARN] [0m(main) Received transform. We currently ignore those
12:30:35 [0m[33m[WARN] [0m(main) Received transform. We currently ignore those
12:30:35 [0m[33m[WARN] [0m(main) Received transform. We currently ignore those
12:30:35 [0m[33m[WARN] [0m(main) Received transform. We currently ignore those
12:30:35 [0m[33m[WARN] [0m(main) Received transform. We currently ignore those
12:30:35 [0m[33m[WARN] [0m(main) Received transform. We currently ignore those
12:30:35 [0m[33m[WARN] [0m(main) Received transform. We currently ignore those
12:30:35 [0m[33m[WARN] [0m(main) Received transform. We currently ignore those
12:30:35 [0m[33m[WARN] [0m(main) Received transform. We currently ignore those
12:30:35 [0m[33m[WARN] [0m(main) Received transform. We currently ignore those
12:30:35 [0m[33m[WARN] [0m(main) Received transform. We currently ignore those
12:30:35 [0m[33m[WARN] [0m(main) Received transform. We currently ignore those
12:30:35 [0m[33m[WARN] [0m(main) Received transform. We currently ignore those
12:30:35 [0m[33m[WARN] [0m(main) Received transform. We currently ignore those
12:30:35 [0m[33m[WARN] [0m(main) Received transform. We currently ignore those
12:30:35 [0m[33m[WARN] [0m(main) Received transform. We currently ignore those
12:30:36 [0m[33m[WARN] [0m(main) Received transform. We currently ignore those
12:30:36 [0m[33m[WARN] [0m(main) Received transform. We currently ignore those
12:30:36 [0m[33m[WARN] [0m(main) Received transform. We currently ignore those
12:30:36 [0m[33m[WARN] [0m(main) Received transform. We currently ignore those
12:30:36 [0m[33m[WARN] [0m(main) Received transform. We currently ignore those
12:30:36 [0m[33m[WARN] [0m(main) Received transform. We currently ignore those
12:30:36 [0m[33m[WARN] [0m(main) Received transform. We currently ignore those
12:30:36 [0m[33m[WARN] [0m(main) Received transform. We currently ignore those
12:30:36 [0m[33m[WARN] [0m(main) Received transform. We currently ignore those
12:30:36 [0m[33m[WARN] [0m(main) Received transform. We currently ignore those
12:30:36 [0m[33m[WARN] [0m(main) Received transform. We currently ignore those
12:30:36 [0m[33m[WARN] [0m(main) Received transform. We currently ignore those
12:30:36 [0m[33m[WARN] [0m(main) Received transform. We currently ignore those
12:30:36 [0m[33m[WARN] [0m(main) Received transform. We currently ignore those
12:30:36 [0m[33m[WARN] [0m(main) Received transform. We currently ignore those
12:30:36 [0m[33m[WARN] [0m(main) Received transform. We currently ignore those
12:30:36 [0m[33m[WARN] [0m(main) Received transform. We currently ignore those
12:30:36 [0m[33m[WARN] [0m(main) Received transform. We currently ignore those
12:30:36 [0m[33m[WARN] [0m(main) Received transform. We currently ignore those
12:30:36 [0m[33m[WARN] [0m(main) Received transform. We currently ignore those
12:30:42 [0m[33m[WARN] [0m(main) Received transform. We currently ignore those
12:30:42 [0m[33m[WARN] [0m(main) Received transform. We currently ignore those
12:30:42 [0m[33m[WARN] [0m(main) Received transform. We currently ignore those
12:30:42 [0m[33m[WARN] [0m(main) Received transform. We currently ignore those
12:30:42 [0m[33m[WARN] [0m(main) Received transform. We currently ignore those
12:30:42 [0m[33m[WARN] [0m(main) Received transform. We currently ignore those
12:30:42 [0m[33m[WARN] [0m(main) Received transform. We currently ignore those
12:30:42 [0m[33m[WARN] [0m(main) Received transform. We currently ignore those
12:30:42 [0m[33m[WARN] [0m(main) Received transform. We currently ignore those
12:30:42 [0m[33m[WARN] [0m(main) Received transform. We currently ignore those
12:30:42 [0m[33m[WARN] [0m(main) Received transform. We currently ignore those
12:30:42 [0m[33m[WARN] [0m(main) Received transform. We currently ignore those
12:30:42 [0m[33m[WARN] [0m(main) Received transform. We currently ignore those
12:30:42 [0m[33m[WARN] [0m(main) Received transform. We currently ignore those
12:30:42 [0m[33m[WARN] [0m(main) Received transform. We currently ignore those
12:30:42 [0m[33m[WARN] [0m(main) Received transform. We currently ignore those
12:30:42 [0m[33m[WARN] [0m(main) Received transform. We currently ignore those
12:30:42 [0m[33m[WARN] [0m(main) Received transform. We currently ignore those
12:30:42 [0m[33m[WARN] [0m(main) Received transform. We currently ignore those
12:30:42 [0m[33m[WARN] [0m(main) Received transform. We currently ignore those
12:30:42 [0m[33m[WARN] [0m(main) Received transform. We currently ignore those
12:30:42 [0m[33m[WARN] [0m(main) Received transform. We currently ignore those
12:30:42 [0m[33m[WARN] [0m(main) Received transform. We currently ignore those
12:30:42 [0m[33m[WARN] [0m(main) Received transform. We currently ignore those
12:30:42 [0m[33m[WARN] [0m(main) Received transform. We currently ignore those
12:30:42 [0m[33m[WARN] [0m(main) Received transform. We currently ignore those
12:30:42 [0m[33m[WARN] [0m(main) Received transform. We currently ignore those
12:30:42 [0m[33m[WARN] [0m(main) Received transform. We currently ignore those
12:30:42 [0m[33m[WARN] [0m(main) Received transform. We currently ignore those
12:30:42 [0m[33m[WARN] [0m(main) Received transform. We currently ignore those
12:30:42 [0m[33m[WARN] [0m(main) Received transform. We currently ignore those
12:30:42 [0m[33m[WARN] [0m(main) Received transform. We currently ignore those
12:30:42 [0m[33m[WARN] [0m(main) Received transform. We currently ignore those
12:30:42 [0m[33m[WARN] [0m(main) Received transform. We currently ignore those
12:30:42 [0m[33m[WARN] [0m(main) Received transform. We currently ignore those
12:30:42 [0m[33m[WARN] [0m(main) Received transform. We currently ignore those
12:30:42 [0m[33m[WARN] [0m(main) Received transform. We currently ignore those
12:30:42 [0m[33m[WARN] [0m(main) Received transform. We currently ignore those
12:30:43 [0m[33m[WARN] [0m(main) Received transform. We currently ignore those
12:30:43 [0m[33m[WARN] [0m(main) Received transform. We currently ignore those
12:30:43 [0m[33m[WARN] [0m(main) Received transform. We currently ignore those
12:30:43 [0m[33m[WARN] [0m(main) Received transform. We currently ignore those
12:30:43 [0m[33m[WARN] [0m(main) Received transform. We currently ignore those
12:30:43 [0m[33m[WARN] [0m(main) Received transform. We currently ignore those
12:30:43 [0m[33m[WARN] [0m(main) Received transform. We currently ignore those
12:30:43 [0m[33m[WARN] [0m(main) Received transform. We currently ignore those
12:30:43 [0m[33m[WARN] [0m(main) Received transform. We currently ignore those
12:30:43 [0m[33m[WARN] [0m(main) Received transform. We currently ignore those
12:30:43 [0m[33m[WARN] [0m(main) Received transform. We currently ignore those
12:30:43 [0m[33m[WARN] [0m(main) Received transform. We currently ignore those
12:30:43 [0m[33m[WARN] [0m(main) Received transform. We currently ignore those
12:30:43 [0m[33m[WARN] [0m(main) Received transform. We currently ignore those
12:30:43 [0m[33m[WARN] [0m(main) Received transform. We currently ignore those
12:30:43 [0m[33m[WARN] [0m(main) Received transform. We currently ignore those
12:30:43 [0m[33m[WARN] [0m(main) Received transform. We currently ignore those
12:30:43 [0m[33m[WARN] [0m(main) Received transform. We currently ignore those
12:30:43 [0m[33m[WARN] [0m(main) Received transform. We currently ignore those
12:30:43 [0m[33m[WARN] [0m(main) Received transform. We currently ignore those
12:30:43 [0m[33m[WARN] [0m(main) Received transform. We currently ignore those
12:30:43 [0m[33m[WARN] [0m(main) Received transform. We currently ignore those
12:30:43 [0m[33m[WARN] [0m(main) Received transform. We currently ignore those
12:30:43 [0m[33m[WARN] [0m(main) Received transform. We currently ignore those
12:30:43 [0m[33m[WARN] [0m(main) Received transform. We currently ignore those
12:30:43 [0m[33m[WARN] [0m(main) Received transform. We currently ignore those
12:30:43 [0m[33m[WARN] [0m(main) Received transform. We currently ignore those
12:30:43 [0m[33m[WARN] [0m(main) Received transform. We currently ignore those
12:30:43 [0m[33m[WARN] [0m(main) Received transform. We currently ignore those
12:30:43 [0m[33m[WARN] [0m(main) Received transform. We currently ignore those
12:30:43 [0m[33m[WARN] [0m(main) Received transform. We currently ignore those
12:30:43 [0m[33m[WARN] [0m(main) Received transform. We currently ignore those
12:30:43 [0m[33m[WARN] [0m(main) Received transform. We currently ignore those
12:30:43 [0m[33m[WARN] [0m(main) Received transform. We currently ignore those
12:30:43 [0m[33m[WARN] [0m(main) Received transform. We currently ignore those
12:30:43 [0m[33m[WARN] [0m(main) Received transform. We currently ignore those
12:30:43 [0m[33m[WARN] [0m(main) Received transform. We currently ignore those
12:30:43 [0m[33m[WARN] [0m(main) Received transform. We currently ignore those
12:30:43 [0m[33m[WARN] [0m(main) Received transform. We currently ignore those
12:30:43 [0m[33m[WARN] [0m(main) Received transform. We currently ignore those
12:30:43 [0m[33m[WARN] [0m(main) Received transform. We currently ignore those
12:30:43 [0m[33m[WARN] [0m(main) Received transform. We currently ignore those
12:30:44 [0m[33m[WARN] [0m(main) Received transform. We currently ignore those
12:30:44 [0m[33m[WARN] [0m(main) Received transform. We currently ignore those
12:30:44 [0m[33m[WARN] [0m(main) Received transform. We currently ignore those
12:30:44 [0m[33m[WARN] [0m(main) Received transform. We currently ignore those
12:30:44 [0m[33m[WARN] [0m(main) Received transform. We currently ignore those
12:30:44 [0m[33m[WARN] [0m(main) Received transform. We currently ignore those
12:30:44 [0m[33m[WARN] [0m(main) Received transform. We currently ignore those
12:30:44 [0m[33m[WARN] [0m(main) Received transform. We currently ignore those
12:30:44 [0m[33m[WARN] [0m(main) Received transform. We currently ignore those
12:30:44 [0m[33m[WARN] [0m(main) Received transform. We currently ignore those
12:30:44 [0m[33m[WARN] [0m(main) Received transform. We currently ignore those
12:30:44 [0m[33m[WARN] [0m(main) Received transform. We currently ignore those
12:30:44 [0m[33m[WARN] [0m(main) Received transform. We currently ignore those
12:30:44 [0m[33m[WARN] [0m(main) Received transform. We currently ignore those
12:30:44 [0m[33m[WARN] [0m(main) Received transform. We currently ignore those
12:30:44 [0m[33m[WARN] [0m(main) Received transform. We currently ignore those
12:30:44 [0m[33m[WARN] [0m(main) Received transform. We currently ignore those
12:30:44 [0m[33m[WARN] [0m(main) Received transform. We currently ignore those
12:30:44 [0m[34m[INFO] [0m(transition) BumpPool with: 4 buffers. Size: 57600Kb
12:30:44 [0m[34m[INFO] [0m(transition) BumpPool with: 4 buffers. Size: 20480Kb
12:30:44 [0m[33m[WARN] [0m(main) Received transform. We currently ignore those
12:30:44 [0m[33m[WARN] [0m(main) Received transform. We currently ignore those
12:30:44 [0m[33m[WARN] [0m(main) Received transform. We currently ignore those
12:30:44 [0m[33m[WARN] [0m(main) Received transform. We currently ignore those
12:30:44 [0m[33m[WARN] [0m(main) Received transform. We currently ignore those
12:30:44 [0m[33m[WARN] [0m(main) Received transform. We currently ignore those
12:30:44 [0m[33m[WARN] [0m(main) Received transform. We currently ignore those
12:30:44 [0m[33m[WARN] [0m(main) Received transform. We currently ignore those
12:30:44 [0m[33m[WARN] [0m(main) Received transform. We currently ignore those
12:30:44 [0m[33m[WARN] [0m(main) Received transform. We currently ignore those
12:30:44 [0m[33m[WARN] [0m(main) Received transform. We currently ignore those
12:30:44 [0m[33m[WARN] [0m(main) Received transform. We currently ignore those
12:30:44 [0m[33m[WARN] [0m(main) Received transform. We currently ignore those
12:30:44 [0m[33m[WARN] [0m(main) Received transform. We currently ignore those
12:30:44 [0m[33m[WARN] [0m(main) Received transform. We currently ignore those
12:30:44 [0m[33m[WARN] [0m(main) Received transform. We currently ignore those
12:30:44 [0m[33m[WARN] [0m(main) Received transform. We currently ignore those
12:30:44 [0m[33m[WARN] [0m(main) Received transform. We currently ignore those
12:30:44 [0m[33m[WARN] [0m(main) Received transform. We currently ignore those
12:30:44 [0m[33m[WARN] [0m(main) Received transform. We currently ignore those
12:30:44 [0m[33m[WARN] [0m(main) Received transform. We currently ignore those
12:30:44 [0m[33m[WARN] [0m(main) Received transform. We currently ignore those
12:30:44 [0m[33m[WARN] [0m(main) Received transform. We currently ignore those
12:30:44 [0m[33m[WARN] [0m(main) Received transform. We currently ignore those
12:30:44 [0m[33m[WARN] [0m(main) Received transform. We currently ignore those
12:30:44 [0m[33m[WARN] [0m(main) Received transform. We currently ignore those
12:30:44 [0m[33m[WARN] [0m(main) Received transform. We currently ignore those
12:30:44 [0m[33m[WARN] [0m(main) Received transform. We currently ignore those
12:30:44 [0m[33m[WARN] [0m(main) Received transform. We currently ignore those
12:30:44 [0m[33m[WARN] [0m(main) Received transform. We currently ignore those
12:30:44 [0m[33m[WARN] [0m(main) Received transform. We currently ignore those
12:30:44 [0m[33m[WARN] [0m(main) Received transform. We currently ignore those
12:30:44 [0m[33m[WARN] [0m(main) Received transform. We currently ignore those
12:30:44 [0m[33m[WARN] [0m(main) Received transform. We currently ignore those
12:30:44 [0m[33m[WARN] [0m(main) Received transform. We currently ignore those
12:30:44 [0m[33m[WARN] [0m(main) Received transform. We currently ignore those
12:30:44 [0m[33m[WARN] [0m(main) Received transform. We currently ignore those
12:30:44 [0m[33m[WARN] [0m(main) Received transform. We currently ignore those
12:30:44 [0m[33m[WARN] [0m(main) Received transform. We currently ignore those
12:30:44 [0m[33m[WARN] [0m(main) Received transform. We currently ignore those
12:30:44 [0m[33m[WARN] [0m(main) Received transform. We currently ignore those
12:30:44 [0m[33m[WARN] [0m(main) Received transform. We currently ignore those
12:30:44 [0m[33m[WARN] [0m(main) Received transform. We currently ignore those
12:30:45 [0m[33m[WARN] [0m(main) Received transform. We currently ignore those
12:30:45 [0m[33m[WARN] [0m(main) Received transform. We currently ignore those
12:30:45 [0m[33m[WARN] [0m(main) Received transform. We currently ignore those
12:30:45 [0m[33m[WARN] [0m(main) Received transform. We currently ignore those
12:30:45 [0m[33m[WARN] [0m(main) Received transform. We currently ignore those
12:30:45 [0m[33m[WARN] [0m(main) Received transform. We currently ignore those
12:30:45 [0m[33m[WARN] [0m(main) Received transform. We currently ignore those
12:30:45 [0m[33m[WARN] [0m(main) Received transform. We currently ignore those
12:30:45 [0m[33m[WARN] [0m(main) Received transform. We currently ignore those
12:30:45 [0m[33m[WARN] [0m(main) Received transform. We currently ignore those
12:30:45 [0m[33m[WARN] [0m(main) Received transform. We currently ignore those
12:30:45 [0m[33m[WARN] [0m(main) Received transform. We currently ignore those
12:30:45 [0m[33m[WARN] [0m(main) Received transform. We currently ignore those
12:30:45 [0m[33m[WARN] [0m(main) Received transform. We currently ignore those
12:30:45 [0m[33m[WARN] [0m(main) Received transform. We currently ignore those
12:30:45 [0m[33m[WARN] [0m(main) Received transform. We currently ignore those
12:30:45 [0m[33m[WARN] [0m(main) Received transform. We currently ignore those
12:30:45 [0m[33m[WARN] [0m(main) Received transform. We currently ignore those
12:30:45 [0m[33m[WARN] [0m(main) Received transform. We currently ignore those
12:30:45 [0m[33m[WARN] [0m(main) Received transform. We currently ignore those
12:30:45 [0m[33m[WARN] [0m(main) Received transform. We currently ignore those
12:30:48 [0m[33m[WARN] [0m(main) Received transform. We currently ignore those
12:30:48 [0m[33m[WARN] [0m(main) Received transform. We currently ignore those
12:30:48 [0m[33m[WARN] [0m(main) Received transform. We currently ignore those
12:30:48 [0m[33m[WARN] [0m(main) Received transform. We currently ignore those
12:30:48 [0m[33m[WARN] [0m(main) Received transform. We currently ignore those
12:30:48 [0m[33m[WARN] [0m(main) Received transform. We currently ignore those
12:30:48 [0m[33m[WARN] [0m(main) Received transform. We currently ignore those
12:30:48 [0m[33m[WARN] [0m(main) Received transform. We currently ignore those
12:30:48 [0m[33m[WARN] [0m(main) Received transform. We currently ignore those
12:30:48 [0m[33m[WARN] [0m(main) Received transform. We currently ignore those
12:30:48 [0m[33m[WARN] [0m(main) Received transform. We currently ignore those
12:30:48 [0m[33m[WARN] [0m(main) Received transform. We currently ignore those
12:30:48 [0m[33m[WARN] [0m(main) Received transform. We currently ignore those
12:30:48 [0m[33m[WARN] [0m(main) Received transform. We currently ignore those
12:30:48 [0m[33m[WARN] [0m(main) Received transform. We currently ignore those
12:30:48 [0m[33m[WARN] [0m(main) Received transform. We currently ignore those
12:30:49 [0m[33m[WARN] [0m(main) Received transform. We currently ignore those
12:30:49 [0m[33m[WARN] [0m(main) Received transform. We currently ignore those
12:30:49 [0m[33m[WARN] [0m(main) Received transform. We currently ignore those
12:30:49 [0m[33m[WARN] [0m(main) Received transform. We currently ignore those
12:30:49 [0m[33m[WARN] [0m(main) Received transform. We currently ignore those
12:30:49 [0m[33m[WARN] [0m(main) Received transform. We currently ignore those
12:30:49 [0m[33m[WARN] [0m(main) Received transform. We currently ignore those
12:30:49 [0m[33m[WARN] [0m(main) Received transform. We currently ignore those
12:30:49 [0m[33m[WARN] [0m(main) Received transform. We currently ignore those
12:30:49 [0m[33m[WARN] [0m(main) Received transform. We currently ignore those
12:30:49 [0m[33m[WARN] [0m(main) Received transform. We currently ignore those
12:30:49 [0m[33m[WARN] [0m(main) Received transform. We currently ignore those
12:30:49 [0m[33m[WARN] [0m(main) Received transform. We currently ignore those
12:30:49 [0m[33m[WARN] [0m(main) Received transform. We currently ignore those
12:30:49 [0m[33m[WARN] [0m(main) Received transform. We currently ignore those
12:30:49 [0m[33m[WARN] [0m(main) Received transform. We currently ignore those
12:30:49 [0m[33m[WARN] [0m(main) Received transform. We currently ignore those
12:30:49 [0m[33m[WARN] [0m(main) Received transform. We currently ignore those
12:30:49 [0m[33m[WARN] [0m(main) Received transform. We currently ignore those
12:30:49 [0m[33m[WARN] [0m(main) Received transform. We currently ignore those
12:30:49 [0m[33m[WARN] [0m(main) Received transform. We currently ignore those
12:30:49 [0m[33m[WARN] [0m(main) Received transform. We currently ignore those
12:30:49 [0m[33m[WARN] [0m(main) Received transform. We currently ignore those
12:30:49 [0m[33m[WARN] [0m(main) Received transform. We currently ignore those
12:30:49 [0m[33m[WARN] [0m(main) Received transform. We currently ignore those
12:30:49 [0m[33m[WARN] [0m(main) Received transform. We currently ignore those
12:30:49 [0m[33m[WARN] [0m(main) Received transform. We currently ignore those
12:30:49 [0m[33m[WARN] [0m(main) Received transform. We currently ignore those
12:30:49 [0m[33m[WARN] [0m(main) Received transform. We currently ignore those
12:30:49 [0m[33m[WARN] [0m(main) Received transform. We currently ignore those
12:30:49 [0m[33m[WARN] [0m(main) Received transform. We currently ignore those
12:30:49 [0m[33m[WARN] [0m(main) Received transform. We currently ignore those
12:30:49 [0m[33m[WARN] [0m(main) Received transform. We currently ignore those
12:30:49 [0m[33m[WARN] [0m(main) Received transform. We currently ignore those
12:30:49 [0m[33m[WARN] [0m(main) Received transform. We currently ignore those
12:30:49 [0m[33m[WARN] [0m(main) Received transform. We currently ignore those
12:30:49 [0m[33m[WARN] [0m(main) Received transform. We currently ignore those
12:30:49 [0m[33m[WARN] [0m(main) Received transform. We currently ignore those
12:30:49 [0m[33m[WARN] [0m(main) Received transform. We currently ignore those
12:30:49 [0m[33m[WARN] [0m(main) Received transform. We currently ignore those
12:30:49 [0m[33m[WARN] [0m(main) Received transform. We currently ignore those
12:30:49 [0m[33m[WARN] [0m(main) Received transform. We currently ignore those
12:30:49 [0m[33m[WARN] [0m(main) Received transform. We currently ignore those
12:30:49 [0m[33m[WARN] [0m(main) Received transform. We currently ignore those
12:30:49 [0m[33m[WARN] [0m(main) Received transform. We currently ignore those
12:30:49 [0m[33m[WARN] [0m(main) Received transform. We currently ignore those
12:32:30 [0m[33m[WARN] [0m(main) Received transform. We currently ignore those
12:32:30 [0m[33m[WARN] [0m(main) Received transform. We currently ignore those
12:32:30 [0m[33m[WARN] [0m(main) Received transform. We currently ignore those
12:32:30 [0m[33m[WARN] [0m(main) Received transform. We currently ignore those
12:32:30 [0m[33m[WARN] [0m(main) Received transform. We currently ignore those
12:32:30 [0m[33m[WARN] [0m(main) Received transform. We currently ignore those
12:32:30 [0m[33m[WARN] [0m(main) Received transform. We currently ignore those
12:32:30 [0m[33m[WARN] [0m(main) Received transform. We currently ignore those
12:32:30 [0m[33m[WARN] [0m(main) Received transform. We currently ignore those
12:32:30 [0m[33m[WARN] [0m(main) Received transform. We currently ignore those
12:32:30 [0m[33m[WARN] [0m(main) Received transform. We currently ignore those
12:32:30 [0m[33m[WARN] [0m(main) Received transform. We currently ignore those
12:32:30 [0m[33m[WARN] [0m(main) Received transform. We currently ignore those
12:32:30 [0m[33m[WARN] [0m(main) Received transform. We currently ignore those
12:32:30 [0m[33m[WARN] [0m(main) Received transform. We currently ignore those
12:32:30 [0m[33m[WARN] [0m(main) Received transform. We currently ignore those
12:32:30 [0m[33m[WARN] [0m(main) Received transform. We currently ignore those
12:32:30 [0m[33m[WARN] [0m(main) Received transform. We currently ignore those
12:32:30 [0m[33m[WARN] [0m(main) Received transform. We currently ignore those
12:32:30 [0m[33m[WARN] [0m(main) Received transform. We currently ignore those
12:32:31 [0m[33m[WARN] [0m(main) Received transform. We currently ignore those
12:32:31 [0m[33m[WARN] [0m(main) Received transform. We currently ignore those
12:32:31 [0m[33m[WARN] [0m(main) Received transform. We currently ignore those
12:32:31 [0m[33m[WARN] [0m(main) Received transform. We currently ignore those
12:32:31 [0m[33m[WARN] [0m(main) Received transform. We currently ignore those
12:32:31 [0m[33m[WARN] [0m(main) Received transform. We currently ignore those
12:32:31 [0m[33m[WARN] [0m(main) Received transform. We currently ignore those
12:32:31 [0m[33m[WARN] [0m(main) Received transform. We currently ignore those
12:32:31 [0m[33m[WARN] [0m(main) Received transform. We currently ignore those
12:32:31 [0m[33m[WARN] [0m(main) Received transform. We currently ignore those
12:32:31 [0m[33m[WARN] [0m(main) Received transform. We currently ignore those
12:32:31 [0m[33m[WARN] [0m(main) Received transform. We currently ignore those
12:32:31 [0m[33m[WARN] [0m(main) Received transform. We currently ignore those
12:32:31 [0m[33m[WARN] [0m(main) Received transform. We currently ignore those
12:32:31 [0m[33m[WARN] [0m(main) Received transform. We currently ignore those
12:32:31 [0m[33m[WARN] [0m(main) Received transform. We currently ignore those
12:32:31 [0m[33m[WARN] [0m(main) Received transform. We currently ignore those
12:32:31 [0m[33m[WARN] [0m(main) Received transform. We currently ignore those
12:32:31 [0m[33m[WARN] [0m(main) Received transform. We currently ignore those
12:32:31 [0m[33m[WARN] [0m(main) Received transform. We currently ignore those
12:32:31 [0m[33m[WARN] [0m(main) Received transform. We currently ignore those
12:32:31 [0m[33m[WARN] [0m(main) Received transform. We currently ignore those
12:32:31 [0m[33m[WARN] [0m(main) Received transform. We currently ignore those
12:32:31 [0m[33m[WARN] [0m(main) Received transform. We currently ignore those
12:32:31 [0m[33m[WARN] [0m(main) Received transform. We currently ignore those
12:32:31 [0m[33m[WARN] [0m(main) Received transform. We currently ignore those
12:32:31 [0m[33m[WARN] [0m(main) Received transform. We currently ignore those
12:32:31 [0m[33m[WARN] [0m(main) Received transform. We currently ignore those
12:32:31 [0m[33m[WARN] [0m(main) Received transform. We currently ignore those
12:32:31 [0m[33m[WARN] [0m(main) Received transform. We currently ignore those
12:32:31 [0m[33m[WARN] [0m(main) Received transform. We currently ignore those
12:32:31 [0m[33m[WARN] [0m(main) Received transform. We currently ignore those
12:32:31 [0m[33m[WARN] [0m(main) Received transform. We currently ignore those
12:32:31 [0m[33m[WARN] [0m(main) Received transform. We currently ignore those
12:32:31 [0m[33m[WARN] [0m(main) Received transform. We currently ignore those
12:32:31 [0m[33m[WARN] [0m(main) Received transform. We currently ignore those
12:32:31 [0m[33m[WARN] [0m(main) Received transform. We currently ignore those
12:32:31 [0m[33m[WARN] [0m(main) Received transform. We currently ignore those
12:32:31 [0m[33m[WARN] [0m(main) Received transform. We currently ignore those
12:32:31 [0m[33m[WARN] [0m(main) Received transform. We currently ignore those
12:32:36 [0m[33m[WARN] [0m(main) Received transform. We currently ignore those
12:32:36 [0m[33m[WARN] [0m(main) Received transform. We currently ignore those
12:32:36 [0m[33m[WARN] [0m(main) Received transform. We currently ignore those
12:32:36 [0m[33m[WARN] [0m(main) Received transform. We currently ignore those
12:32:36 [0m[33m[WARN] [0m(main) Received transform. We currently ignore those
12:32:36 [0m[33m[WARN] [0m(main) Received transform. We currently ignore those
12:36:22 [0m[34m[INFO] [0m(main) Goodbye!
12:36:22 [0m[34m[INFO] [0m(main) Removed socket at "/run/user/1001/swww-wayland-1.socket"
